Iteration	Posterior	Likelihood	Prior	rate_log_sd	rate_loss	tree_length
0	-288.0564	-370.86	82.80358	1.378327	2.090254	1.08176
6	-282.937	-366.6098	83.67274	1.862759	0.6044996	1.008224
12	-292.1268	-375.2437	83.1169	1.804852	0.9592484	1.177593
18	-296.2011	-378.8765	82.67531	1.564781	0.4621703	2.146615
24	-295.0508	-378.9221	83.87123	1.257592	0.5836177	1.385946
30	-290.7475	-374.3748	83.62735	1.376946	1.119794	0.9518328
36	-294.6845	-378.6172	83.93264	1.86323	0.474031	0.9518328
42	-296.5909	-380.8039	84.21295	1.589474	0.4699452	0.952338
48	-296.4296	-379.8304	83.40081	1.37701	1.098441	1.184139
54	-310.3863	-394.4185	84.03216	1.484534	0.8188636	0.6884763
60	-303.4499	-387.1156	83.66569	1.392462	0.8928137	1.119111
66	-300.2287	-383.8297	83.60102	1.164279	0.999862	1.274884
72	-302.0579	-385.6335	83.57563	1.213684	0.9086787	1.332048
78	-314.3139	-396.9865	82.67264	1.212109	0.8328148	2.03936
84	-297.1212	-381.0954	83.97421	1.773404	0.6679546	0.5900041
90	-299.0022	-382.6258	83.62357	1.993378	0.7542466	0.6421155
96	-303.677	-387.1636	83.48658	1.775865	0.8680927	0.9471393
102	-306.5513	-389.7615	83.21025	1.869462	0.4658498	1.565883
108	-304.324	-387.9483	83.62429	1.846764	0.4713037	1.254727
114	-300.0751	-384.3716	84.29646	1.335057	0.4674943	1.121786
120	-295.9854	-379.8755	83.89014	0.9599552	0.5369863	1.647279
126	-292.9088	-376.532	83.62317	1.641854	0.5870034	1.272734
132	-308.1966	-390.9901	82.79351	2.428354	1.095178	0.7027638
138	-304.5156	-388.0181	83.50247	1.527808	0.5155021	1.54097
144	-301.3637	-384.2521	82.88841	1.032367	0.8272908	2.019668
150	-310.9956	-394.2356	83.23997	1.109082	0.5809848	1.947993
156	-313.4684	-396.7836	83.31521	1.512484	0.5809848	1.61492
162	-308.3493	-392.0588	83.70949	1.482738	0.919493	0.9621628
168	-302.1243	-386.711	84.5867	1.325737	0.3161507	1.136834
174	-308.553	-392.0112	83.4582	1.630473	0.509788	1.504409
180	-300.0311	-383.5706	83.53943	1.253163	0.9454209	1.298027
186	-299.6938	-382.6811	82.98735	1.621374	0.9058505	1.474743
192	-300.3662	-384.6294	84.26315	1.452108	0.5534086	0.8992705
198	-298.648	-382.6618	84.01377	1.792752	0.4261044	1.027293
204	-301.4699	-385.8016	84.33173	1.804084	0.4015001	0.6781928
210	-307.1863	-391.4557	84.26937	1.76502	0.4753707	0.6041047
216	-303.7558	-387.875	84.11916	1.237674	0.5533309	1.238638
222	-308.7889	-392.7967	84.00774	1.899575	0.5613643	0.5629986
228	-305.2181	-389.1243	83.90628	1.816556	0.5613643	0.8766577
234	-297.3118	-381.756	84.44419	1.958601	0.2965625	0.4433179
240	-299.1751	-381.9442	82.76904	1.385811	1.194605	1.603967
246	-290.5917	-374.6988	84.10712	1.683982	0.4000028	1.088604
252	-289.0878	-372.4117	83.32391	1.674353	0.8495232	1.213567
258	-293.0061	-375.9796	82.97354	1.335963	1.612487	1.232755
264	-292.3523	-376.0184	83.6661	1.365343	0.6093406	1.432314
270	-300.211	-383.9678	83.75674	1.543526	0.3614415	1.54872
276	-293.9397	-377.8867	83.94705	1.243446	0.6878562	1.21754
282	-303.7431	-388.0453	84.3022	1.541027	0.5078583	0.8333694
288	-292.9729	-376.7248	83.7519	1.50244	0.9690856	0.8333694
294	-299.772	-383.1738	83.40177	1.674044	1.159899	0.8285501
300	-294.59	-378.2055	83.61557	1.724826	0.8912244	0.8285501
306	-286.2618	-370.5249	84.2631	1.796125	0.3874145	0.8329861
312	-293.3261	-377.5382	84.21207	1.881161	0.4466921	0.5756281
318	-288.2276	-372.2277	84.00016	1.514907	0.6077473	1.023727
324	-286.7979	-370.8298	84.03188	1.281124	0.6383217	1.169819
330	-300.3078	-384.8094	84.5016	1.74537	0.3676656	0.5632793
336	-307.4074	-388.3269	80.91959	2.498141	3.694564	0.1644639
342	-305.8026	-389.7939	83.99134	1.562751	0.6240355	0.9609534
348	-311.2612	-394.2922	83.03107	1.84961	1.481885	0.7363357
354	-291.561	-375.8767	84.31573	1.880192	0.3936103	0.5602696
360	-299.1465	-382.6564	83.50986	1.803648	1.05681	0.5732398
366	-301.8929	-384.6231	82.7302	1.295862	1.164153	1.715385
372	-299.7291	-383.9873	84.25823	1.978489	0.3720973	0.5686415
378	-304.1235	-387.1336	83.01015	1.806385	1.681954	0.5686415
384	-311.6351	-394.1798	82.54467	1.590202	1.559596	1.40354
390	-318.6614	-402.7833	84.12185	1.282502	0.7055234	1.001329
396	-310.1892	-394.9515	84.7623	1.576942	0.2848509	0.7556682
402	-304.3844	-387.2883	82.90393	1.620254	1.610333	1.042205
408	-303.8096	-387.1187	83.30913	1.73283	1.124215	0.9066709
414	-307.1357	-389.0655	81.92978	1.619226	3.956313	0.9066709
420	-295.4316	-378.5446	83.113	1.770489	1.437188	0.7813803
426	-294.2447	-378.1384	83.89373	1.709243	0.7329578	0.7186868
432	-291.3732	-375.3101	83.93682	1.933656	0.5903786	0.4812121
438	-295.5749	-378.2725	82.69757	1.827423	2.148424	0.59516
444	-304.43	-388.0136	83.58354	2.21317	0.6343205	0.579765
450	-300.6686	-384.1292	83.46061	1.580499	1.23064	0.7931589
456	-294.3504	-377.817	83.46656	1.358666	1.356176	0.9278428
462	-291.7993	-375.4164	83.61717	1.308499	0.8975631	1.230024
468	-298.3964	-381.2694	82.873	1.497646	1.777588	1.081643
474	-299.1019	-381.1368	82.0349	1.434056	1.563903	1.881506
480	-302.066	-385.2068	83.14083	0.9409503	0.4841889	2.224725
486	-308.8106	-390.1144	81.30378	0.9005167	1.757558	2.612135
492	-300.3047	-384.3222	84.01747	1.016375	0.8297067	1.202462
498	-293.2606	-376.7624	83.50181	1.341123	0.7813101	1.403717
504	-296.4748	-379.4371	82.96227	1.621972	1.545601	1.028325
510	-294.1789	-378.2809	84.10196	1.334544	0.5351541	1.195048
516	-294.9361	-378.63	83.69389	1.36557	0.8150343	1.195048
522	-305.0283	-387.8607	82.83239	1.549608	1.326863	1.347908
528	-304.9147	-388.4237	83.50896	1.85943	0.9155491	0.7548497
534	-306.6471	-390.6664	84.01934	1.223207	0.4002604	1.53418
540	-306.8325	-390.1916	83.35917	1.526285	0.8413238	1.314596
546	-295.6946	-379.5716	83.87702	1.526285	0.5759415	1.169535
552	-300.6032	-383.8994	83.29625	1.660622	0.8213896	1.275052
558	-302.8976	-386.259	83.36139	1.490496	1.492824	0.7672578
564	-302.2454	-385.1556	82.91019	1.748457	1.492824	0.9926669
570	-290.6118	-374.6773	84.06559	1.601405	0.630475	0.8216776
576	-300.7779	-384.9885	84.21056	1.716593	0.3672276	1.021032
582	-294.1146	-377.0166	82.90199	1.349269	1.395281	1.408015
588	-292.0864	-374.9409	82.85444	1.54282	1.982212	0.9294655
594	-296.0716	-378.388	82.31643	1.37814	1.982212	1.530029
600	-297.0399	-379.818	82.77808	1.573417	1.432513	1.30597
606	-300.0533	-383.3213	83.26804	1.393107	0.6642212	1.649942
612	-304.295	-388.9055	84.61046	1.470885	0.3857375	0.8089161
618	-302.6462	-386.8767	84.2305	1.597656	0.3594618	1.128593
624	-294.9784	-379.2739	84.2955	1.557858	0.4625076	0.9112979
630	-297.0502	-380.8155	83.76532	1.687884	0.7752876	0.8533569
636	-308.6344	-392.8122	84.17773	1.524188	0.388991	1.187295
642	-297.8436	-381.438	83.59441	2.033938	0.7723146	0.5174481
648	-293.9341	-377.6911	83.75706	2.316549	0.4582093	0.5725862
654	-293.5512	-377.0148	83.46356	2.546381	0.4582093	0.332187
660	-293.8665	-378.0428	84.17633	1.444556	0.5646295	0.9817693
666	-289.2673	-373.3071	84.03984	1.725824	0.5206924	0.9004623
672	-299.3937	-382.4878	83.09417	1.769441	1.60632	0.5860207
678	-293.394	-376.1063	82.7123	1.361841	0.981657	1.802902
684	-295.4934	-379.0711	83.57767	1.365717	0.7588483	1.346202
690	-289.0415	-372.9563	83.91484	1.420784	0.5361926	1.278367
696	-291.5102	-375.4883	83.97802	1.176587	0.6601818	1.278367
702	-296.8163	-380.0618	83.24546	1.411377	1.102086	1.283042
708	-291.8531	-375.4159	83.56284	1.332987	0.8666124	1.283042
714	-290.7382	-373.5151	82.77689	1.324424	1.858971	1.271399
720	-293.1304	-376.1852	83.05482	1.669874	1.128197	1.206214
726	-291.8904	-375.5772	83.68683	1.510375	0.8382376	1.046389
732	-301.1136	-384.9346	83.82098	1.584655	0.6695755	1.046389
738	-298.1179	-380.9848	82.86688	1.558688	1.003986	1.53578
744	-296.2029	-380.4806	84.27772	1.481604	0.3740848	1.163154
750	-292.4791	-376.5506	84.07154	1.415378	0.5931997	1.070891
756	-298.5368	-382.6524	84.1156	1.187622	0.5651568	1.268201
762	-297.717	-381.7754	84.05837	1.25067	0.9137027	0.8374187
768	-293.3893	-377.1688	83.77951	1.665428	0.793065	0.8374187
774	-294.655	-377.9101	83.2551	1.034398	0.8247987	1.771067
780	-301.6175	-385.777	84.15951	1.508161	0.3826202	1.227264
786	-296.6393	-380.2163	83.57701	1.202242	0.4404873	1.811378
792	-302.4634	-383.8143	81.35094	1.465519	1.966314	2.142029
798	-296.3826	-379.6046	83.22202	1.186457	0.4839575	2.011097
804	-286.5873	-370.5587	83.97138	1.716738	0.6772991	0.6963819
810	-289.3034	-373.3206	84.01718	1.725565	0.6772991	0.5608014
816	-285.6615	-368.6848	83.02327	1.678828	1.689238	0.7839965
822	-286.1388	-369.0545	82.91565	2.17728	1.236157	0.7083559
828	-288.4781	-372.1235	83.64535	2.034404	0.6397682	0.7876908
834	-293.1996	-376.9022	83.70257	1.29711	0.834925	1.22642
840	-296.4466	-379.9459	83.4993	1.638382	0.7922476	1.150229
846	-299.1878	-381.7152	82.52742	1.521796	0.5481379	2.178848
852	-297.1705	-381.7163	84.54588	1.657122	0.3760846	0.6426698
858	-296.388	-380.4743	84.0863	1.100232	0.6284733	1.288106
864	-290.4182	-374.6832	84.26496	1.481979	0.4953644	0.9652936
870	-294.4879	-378.2174	83.72948	1.497481	0.7702354	1.093536
876	-296.419	-380.4197	84.00063	1.250723	0.7702354	1.070858
882	-304.3598	-389.0292	84.66942	1.41899	0.3064684	0.9914383
888	-308.4252	-392.5024	84.0772	1.491463	0.5932448	0.9914383
894	-305.1563	-389.6042	84.4479	1.464831	0.5325938	0.6685103
900	-296.2719	-380.1688	83.89694	1.429129	0.6476295	1.147001
906	-297.5497	-380.6165	83.06688	1.590762	1.283743	1.147001
912	-311.6297	-395.0799	83.45015	2.090734	0.8131119	0.6541692
918	-305.1135	-388.4039	83.29044	2.178982	0.9070297	0.5562419
924	-302.1298	-385.6686	83.53874	1.287411	0.8579456	1.347063
930	-299.5921	-382.8261	83.23402	1.12028	0.7275723	1.807583
936	-292.0521	-375.6888	83.63665	1.73912	0.584743	1.182087
942	-318.3119	-401.7508	83.43894	1.144927	1.137665	1.315791
948	-306.404	-389.1958	82.79176	1.454403	1.559104	1.315791
954	-308.8395	-391.128	82.28852	1.008692	1.957811	1.823757
960	-300.2948	-383.7675	83.47269	1.516699	0.9569085	1.119833
966	-298.6597	-381.7069	83.04719	1.248733	0.9834573	1.645385
972	-290.0767	-372.9978	82.9211	1.325792	0.911653	1.733324
978	-291.8492	-375.1881	83.33889	1.716249	0.8646545	1.149535
984	-293.9279	-376.9947	83.06676	2.023747	0.9729713	1.008832
990	-300.0629	-384.0309	83.96803	1.51238	0.7257036	0.893291
996	-309.2486	-393.2164	83.96782	1.576476	0.575683	1.041042
1002	-301.6112	-385.5058	83.89468	1.460204	0.8238367	0.9010352
1008	-296.617	-380.5194	83.90238	1.523975	0.748175	0.9221188
1014	-306.1689	-389.7866	83.61769	2.115834	0.6893856	0.5056682
1020	-296.2487	-380.1261	83.8774	1.979237	0.5767135	0.6438114
1026	-295.7528	-379.2362	83.48338	1.461313	0.4287053	1.710839
1032	-287.5993	-371.9212	84.32193	1.335356	0.3847671	1.232431
1038	-289.1123	-373.1827	84.07039	1.735275	0.3847671	1.102571
1044	-296.888	-380.4554	83.56739	1.376516	1.02083	1.102571
1050	-287.0012	-370.3977	83.39649	1.224195	0.7326428	1.6148
1056	-296.7836	-379.8019	83.01836	1.313663	0.9897002	1.6148
1062	-299.4527	-383.2256	83.77288	1.893406	0.7172577	0.6354
1068	-299.2176	-382.9406	83.72302	1.778538	0.7464016	0.8374688
1074	-294.5484	-377.8288	83.28036	1.289876	0.7251024	1.65798
1080	-294.7942	-378.1087	83.31449	1.462419	0.454069	1.796218
1086	-287.8988	-370.5019	82.60315	1.217158	0.8578146	2.063235
1092	-288.3338	-371.9004	83.56664	1.00274	0.902831	1.506798
1098	-292.2219	-375.271	83.04909	0.8442473	0.5546496	2.272891
1104	-288.8705	-372.7424	83.87192	1.433352	0.2888634	1.661901
1110	-287.079	-370.782	83.70302	1.607	0.7659495	1.019611
1116	-294.6246	-379.2896	84.66503	1.354111	0.3246181	1.019611
1122	-303.9118	-384.7755	80.86372	1.230259	1.37365	2.847175
1128	-288.8389	-372.7807	83.94183	1.525932	0.4744069	1.253028
1134	-290.5056	-374.1968	83.69115	1.238053	0.470936	1.668463
1140	-300.9287	-383.963	83.03429	0.8538677	1.410705	1.668463
1146	-304.6844	-386.0534	81.36893	1.066072	0.6712436	3.068511
1152	-295.1496	-378.7122	83.5626	1.520435	0.6754023	1.319892
1158	-293.1983	-375.9218	82.72344	0.9436909	1.126858	1.984559
1164	-295.6141	-379.9984	84.38426	1.76852	0.3400067	0.8378474
1170	-297.6476	-382.0327	84.3851	1.864512	0.2968444	0.8378474
1176	-294.4893	-378.3645	83.87521	1.4074	0.7389933	1.077627
1182	-299.2604	-384.0293	84.76896	1.531978	0.1921591	1.077627
1188	-293.8698	-378.6652	84.79549	1.246094	0.3484088	0.9442964
1194	-287.8635	-371.1257	83.26215	1.637724	0.9246623	1.227277
1200	-293.9393	-377.9197	83.98033	1.09925	0.7178291	1.27765
1206	-295.7839	-378.9178	83.13391	1.552456	1.07759	1.27765
1212	-297.5163	-381.3278	83.81147	1.655481	0.7887296	0.8160978
1218	-299.5551	-383.525	83.96994	1.699919	0.5172679	1.007067
1224	-300.3852	-383.4587	83.07344	1.261793	1.132366	1.512023
1230	-294.1225	-377.5177	83.39521	1.413315	1.132366	1.129571
1236	-291.2984	-374.7722	83.47387	1.566014	1.132366	0.900661
1242	-290.8999	-375.0364	84.13649	1.599377	0.5077076	0.9556019
1248	-302.3132	-385.2872	82.97399	1.398488	0.7446073	1.780162
1254	-310.0804	-393.9816	83.90111	1.199839	0.5810673	1.410593
1260	-308.1056	-391.8007	83.69509	1.654756	0.680284	1.085468
1266	-301.5083	-385.567	84.05868	1.606551	0.6761416	0.7368236
1272	-314.7436	-398.7288	83.98518	2.013283	0.4972891	0.4109413
1278	-307.8505	-392.3281	84.47761	1.402164	0.4972891	0.8089001
1284	-299.3043	-382.6942	83.3899	1.37601	0.9042625	1.354473
1290	-297.8368	-381.5191	83.68234	1.559305	0.6867221	1.17488
1296	-302.6624	-385.1169	82.45458	1.228944	1.255044	1.897817
1302	-303.8748	-388.2582	84.38331	1.342083	0.5521253	0.8900291
1308	-311.1766	-394.777	83.60045	1.600005	0.9264772	0.9457224
1314	-299.3371	-383.1389	83.80182	1.534444	0.8046502	0.9457224
1320	-299.9887	-384.3866	84.39785	1.883336	0.3362013	0.6534922
1326	-297.1733	-380.8837	83.71041	1.409934	0.7537431	1.205789
1332	-297.1936	-380.5875	83.39391	1.75922	1.149924	0.7333154
1338	-298.6178	-381.2692	82.65136	2.421424	1.201447	0.2944444
1344	-302.635	-386.8445	84.20954	1.771521	0.5189065	0.5070964
1350	-294.2513	-377.9345	83.68321	2.122684	0.6215453	0.4058902
1356	-300.4182	-384.7577	84.33943	2.070399	0.2964824	0.5073166
1362	-298.6834	-382.9719	84.2885	1.404592	0.2647371	1.418354
1368	-304.1689	-387.3825	83.21365	1.683489	1.050371	1.118934
1374	-294.6513	-378.5534	83.90212	1.373025	0.5080973	1.363309
1380	-294.2702	-378.0447	83.77448	1.548115	0.603369	1.204383
1386	-306.4267	-390.6838	84.25704	1.73693	0.4568978	0.7455091
1392	-316.432	-398.9712	82.53918	1.869408	2.018426	0.893386
1398	-303.2744	-387.3357	84.06121	1.632603	0.2662364	1.414878
1404	-293.4166	-377.7053	84.28871	1.956451	0.355569	0.6422928
1410	-305.8159	-388.7405	82.92458	1.995789	1.497805	0.6422928
1416	-299.6115	-383.6468	84.03531	1.850587	0.5578243	0.6422928
1422	-297.098	-381.4939	84.3959	1.564294	0.4557527	0.7964541
1428	-297.4686	-381.0802	83.61162	1.809724	0.8567148	0.771455
1434	-301.5146	-385.8515	84.33686	1.462599	0.4940877	0.911346
1440	-302.7163	-386.8686	84.15237	1.885297	0.4685502	0.6266773
1446	-300.5528	-384.5556	84.00277	1.726826	0.5811031	0.8326921
1452	-296.6593	-379.2021	82.54282	1.203682	1.657127	1.642368
1458	-292.843	-376.4935	83.6505	0.9521062	0.6419706	1.713262
1464	-291.4847	-375.1806	83.69587	1.66108	0.6419706	1.126407
1470	-294.6694	-379.0627	84.39328	1.137577	0.3865922	1.333099
1476	-286.999	-371.0088	84.0098	1.642135	0.4852927	1.075115
1482	-287.1941	-370.2495	83.05545	1.34809	1.050314	1.518402
1488	-286.7999	-369.8373	83.03738	0.9916141	0.8985983	1.8935
1494	-296.4044	-380.0297	83.62529	1.013834	0.7234427	1.609864
1500	-294.8922	-377.9442	83.05197	1.56348	1.198799	1.245273
1506	-293.4085	-376.0695	82.66104	1.146856	2.443063	1.245273
1512	-295.9746	-379.7634	83.7888	0.997054	0.60222	1.622622
1518	-303.5376	-387.9782	84.44065	0.5328846	0.3365532	1.818713
1524	-301.9601	-384.9721	83.01204	0.7907941	0.737949	2.1676
1530	-296.1514	-378.8676	82.71617	1.227096	0.9191343	1.936586
1536	-302.6412	-383.9077	81.26652	0.7199203	0.9191343	3.159786
1542	-300.2912	-383.1765	82.88526	1.491098	1.147296	1.47092
1548	-298.444	-381.5498	83.10583	1.645085	1.147296	1.168592
1554	-294.5619	-378.9019	84.34001	1.136637	0.3426155	1.445961
1560	-298.7403	-382.1101	83.36979	1.631501	0.4159601	1.687515
1566	-298.2754	-382.5377	84.2623	1.534918	0.3536721	1.166678
1572	-294.5189	-378.0744	83.55543	0.9992193	0.641385	1.747553
1578	-289.2238	-372.5207	83.2969	1.14903	1.384297	1.259039
1584	-289.5271	-372.3867	82.85958	0.9168072	0.9139536	2.051643
1590	-295.7183	-378.9827	83.26445	1.51681	0.7583779	1.472335
1596	-301.768	-384.4556	82.68757	1.695906	1.249075	1.397266
1602	-301.7441	-384.735	82.99091	1.457867	1.229268	1.359236
1608	-305.977	-388.8708	82.89375	1.555024	1.229268	1.359236
1614	-301.8964	-384.4188	82.52242	1.595477	1.229268	1.609028
1620	-302.3142	-384.4068	82.09252	1.318814	2.007618	1.723801
1626	-297.2118	-379.5812	82.36941	1.33858	1.76559	1.618284
1632	-289.9791	-373.3013	83.32219	1.246381	0.9098971	1.501706
1638	-294.0148	-377.1835	83.16871	1.180472	1.132192	1.501706
1644	-308.8763	-393.5312	84.65495	1.21442	0.453359	0.9113737
1650	-298.9683	-381.9099	82.94165	1.448466	1.472852	1.249299
1656	-292.1532	-376.2364	84.08324	1.366938	0.6328166	1.051993
1662	-290.0049	-373.8126	83.80774	1.749072	0.4162205	1.265686
1668	-302.0957	-385.4154	83.31966	1.87527	0.7388722	1.157132
1674	-298.5954	-382.0145	83.41904	1.958876	0.9947411	0.5581282
1680	-296.6981	-380.5584	83.86035	1.74326	0.5989394	0.9467444
1686	-301.6921	-385.4917	83.79963	1.465811	0.4862441	1.399348
1692	-290.0544	-374.0057	83.95133	1.318192	0.4027209	1.510578
1698	-296.092	-379.7648	83.67281	1.574287	0.6991225	1.155877
1704	-290.203	-374.7588	84.55579	1.074003	0.4411063	1.164771
1710	-284.9344	-368.046	83.1116	0.8860241	0.689211	2.081125
1716	-287.5933	-371.5099	83.91665	1.299248	0.6669898	1.21958
1722	-289.585	-371.9109	82.32592	1.497116	1.828161	1.504269
1728	-289.2193	-372.2216	83.00234	1.592628	0.9453705	1.453393
1734	-291.2999	-375.4435	84.14358	1.571152	0.3903704	1.173837
1740	-297.8769	-382.2953	84.41839	1.533891	0.3748821	0.980415
1746	-299.1056	-383.6298	84.52422	1.542073	0.4053062	0.7778808
1752	-296.0971	-380.6423	84.54517	1.804334	0.3203362	0.4479788
1758	-295.6816	-379.7741	84.09251	2.116126	0.3801784	0.608154
1764	-301.0773	-384.1373	83.06004	2.389449	0.9169143	0.5924462
1770	-302.7228	-385.7407	83.01794	2.377845	0.9808326	0.4658352
1776	-299.9363	-383.1823	83.24601	2.14978	0.9808326	0.4658352
1782	-297.3439	-381.1017	83.75777	1.735018	0.8842163	0.5628428
1788	-297.0346	-381.1281	84.09352	2.03396	0.4093541	0.665151
1794	-298.5546	-382.9024	84.34787	1.89818	0.3622112	0.6053333
1800	-297.2011	-380.833	83.63193	1.789836	0.5659394	1.166564
1806	-294.4535	-377.8696	83.41604	1.776599	1.025767	0.839458
1812	-296.7348	-379.9802	83.24538	1.730824	1.10878	0.9912425
1818	-293.7401	-376.5437	82.80359	1.65976	1.588672	1.113091
1824	-295.5298	-378.2256	82.69572	1.506112	1.090488	1.638109
1830	-288.2591	-371.6713	83.41212	1.48275	1.021767	1.1459
1836	-295.6981	-379.0844	83.38636	1.360771	1.340969	1.02058
1842	-297.9396	-382.067	84.12741	1.518372	0.5755222	0.9386486
1848	-296.6751	-380.556	83.88092	1.346091	0.466617	1.454764
1854	-302.9165	-386.832	83.91554	1.254241	0.4983777	1.457342
1860	-298.4877	-381.683	83.19528	1.801267	1.425269	0.4255484
1866	-292.3583	-376.0313	83.67299	1.468023	1.043045	0.8809917
1872	-299.8404	-382.8844	83.04403	2.179181	1.043045	0.7772508
1878	-297.0393	-379.6758	82.63644	1.843709	1.762625	0.9848461
1884	-303.7483	-387.0684	83.32015	1.758975	1.315805	0.5946622
1890	-305.2217	-388.0058	82.78408	1.804051	1.652135	0.9490152
1896	-297.3928	-380.9124	83.5196	1.609052	0.8795767	1.067495
1902	-298.9849	-382.4336	83.44868	1.750099	0.6770652	1.222646
1908	-300.6803	-383.3432	82.66294	1.383137	1.715873	1.389168
1914	-304.8889	-389.0243	84.1354	1.317368	0.6377072	1.042981
1920	-300.1432	-382.531	82.38782	1.343559	1.768477	1.59996
1926	-296.8401	-380.9508	84.11076	1.805274	0.5399488	0.6366661
1932	-298.1854	-381.9942	83.80876	2.20666	0.4799773	0.3870108
1938	-294.6406	-378.6384	83.99777	2.046581	0.4799773	0.5253716
1944	-295.1265	-378.1908	83.06432	2.217287	1.099599	0.5253716
1950	-289.4809	-373.2642	83.78322	1.403812	0.5083005	1.431657
1956	-295.0485	-377.4569	82.40841	1.576177	1.60336	1.494741
1962	-290.9671	-373.7887	82.82153	1.819321	1.216975	1.21056
1968	-294.0553	-377.5451	83.48987	1.611192	1.157606	0.798451
1974	-294.1909	-377.6775	83.4866	1.833591	0.9084472	0.8305254
1980	-300.2557	-384.0755	83.81981	1.87424	0.6782364	0.6833266
1986	-293.0741	-377.444	84.36986	1.545661	0.4854071	0.7876787
1992	-294.9628	-377.798	82.83515	1.764172	2.021019	0.5888075
1998	-297.1318	-379.9054	82.77367	1.42675	1.165127	1.589734
2004	-295.701	-379.0848	83.38377	1.150117	0.9457754	1.49926
2010	-296.6328	-380.846	84.21319	1.559439	0.53693	0.8625872
2016	-302.3887	-385.4418	83.05311	1.373291	1.093353	1.470523
2022	-307.2916	-391.223	83.93142	1.806725	0.5338621	0.9077792
2028	-307.8694	-392.2292	84.35986	1.747674	0.3057192	0.973726
2034	-310.6631	-394.103	83.43987	1.299936	0.614259	1.643315
2040	-308.3924	-392.3795	83.9871	1.51485	0.8317932	0.6881534
2046	-316.4192	-399.8772	83.45799	1.369716	1.038729	1.19012
2052	-310.1159	-393.8918	83.77586	1.342851	0.837136	1.120459
2058	-308.64	-392.6647	84.02477	1.67548	0.495901	1.011639
2064	-310.7773	-395.2373	84.45995	1.570569	0.2789578	1.108963
2070	-307.2505	-391.4036	84.15304	1.488104	0.6043564	0.897136
2076	-300.516	-384.3927	83.87671	1.471608	0.6136895	1.169322
2082	-300.9433	-384.6788	83.73545	1.422359	0.6136895	1.328327
2088	-296.079	-379.4676	83.38866	1.157508	0.5624974	1.832894
2094	-298.5205	-381.0722	82.55168	0.9965877	1.552311	1.832894
2100	-292.1499	-375.5743	83.42441	0.9251922	0.9353304	1.642491
2106	-296.3893	-380.2593	83.87005	1.268576	0.6094639	1.348476
2112	-295.8471	-378.789	82.94188	1.031118	1.516571	1.549408
2118	-300.8582	-384.3392	83.48095	1.309367	0.7707485	1.453993
2124	-297.2698	-380.3019	83.03213	1.442466	1.267681	1.312651
2130	-302.6957	-385.9633	83.26762	1.310098	0.7042535	1.671736
2136	-296.6216	-379.5906	82.96901	1.897389	0.9584247	1.225723
2142	-293.7142	-377.6289	83.91465	1.763641	0.5856766	0.8859531
2148	-296.0537	-379.9018	83.84808	1.341637	0.7044591	1.199708
2154	-301.9162	-385.8461	83.92988	2.032217	0.530642	0.4877179
2160	-303.1192	-386.3434	83.22425	1.167631	1.418514	1.281771
2166	-298.3589	-381.3742	83.01523	1.167631	0.985941	1.723992
2172	-295.4553	-378.3253	82.86994	1.241369	1.058673	1.723992
2178	-295.7028	-378.5016	82.79883	1.953434	0.9589795	1.319278
2184	-293.9756	-376.8836	82.90797	2.393387	1.074691	0.4522077
2190	-291.4386	-374.4639	83.0253	2.393387	0.895606	0.3365409
2196	-294.4783	-377.7095	83.23117	2.455196	0.6463147	0.3042848
2202	-304.0546	-387.6315	83.57688	1.357382	1.067623	1.069527
2208	-303.077	-386.0746	82.99764	2.100871	1.067623	0.9025048
2214	-294.3898	-377.8264	83.43655	1.385495	0.9460072	1.273433
2220	-299.0842	-382.1638	83.07965	1.303867	0.9326471	1.620077
2226	-300.1128	-382.5324	82.41952	1.920658	1.637811	1.191774
2232	-295.0931	-378.1859	83.09277	1.374898	1.001348	1.506387
2238	-300.317	-383.3261	83.00911	1.102608	0.9251534	1.817401
2244	-300.2245	-383.223	82.99854	1.680725	0.8366054	1.479452
2250	-291.9642	-376.2414	84.27719	1.280498	0.3303728	1.403938
2256	-302.448	-385.9683	83.52025	1.325855	0.9618618	1.239808
2262	-287.5461	-371.402	83.85592	2.040925	0.4847457	0.8140256
2268	-286.9374	-370.3844	83.44699	1.785542	1.140659	0.5836909
2274	-292.4504	-376.9671	84.51667	1.948362	0.2601879	0.3812376
2280	-296.5999	-380.8387	84.23881	1.70706	0.4604167	0.8046264
2286	-292.5982	-376.8368	84.2386	1.723101	0.4987109	0.6798763
2292	-295.9653	-379.4529	83.4876	1.457518	1.227158	0.9129957
2298	-308.7177	-392.3602	83.64255	1.48157	0.9816976	0.9657846
2304	-307.106	-390.5352	83.4292	1.240982	1.228417	1.176861
2310	-301.4852	-384.8745	83.38925	1.214583	1.136737	1.300319
2316	-298.0882	-381.4159	83.32769	1.315882	1.307325	1.142284
2322	-307.6245	-390.8862	83.26173	1.424694	1.33921	1.079873
2328	-301.0514	-384.8778	83.82635	1.340633	0.5221547	1.429825
2334	-300.7459	-384.2455	83.49951	1.796638	0.7818348	1.014361
2340	-296.2862	-380.0898	83.80362	1.594941	0.7818348	0.9074931
2346	-287.3903	-371.6721	84.28173	1.739545	0.4338996	0.7660363
2352	-292.8626	-377.3978	84.53522	1.589132	0.3798372	0.7660363
2358	-290.6101	-373.9261	83.31597	1.751328	1.342773	0.5569297
2364	-294.8562	-377.4107	82.55447	1.533534	1.583791	1.426532
2370	-296.3311	-380.4954	84.16423	1.152043	0.3980832	1.482179
2376	-304.5861	-387.5692	82.98314	1.433678	1.574753	1.16334
2382	-292.0604	-375.4428	83.38236	1.472037	1.042972	1.16334
2388	-301.7802	-384.3693	82.5891	1.755579	1.923442	1.019605
2394	-299.718	-383.1581	83.44013	1.398214	1.090622	1.137383
2400	-300.3906	-383.3102	82.91966	1.441091	1.510073	1.250893
2406	-299.6097	-382.7562	83.14647	1.589393	1.05957	1.250893
2412	-307.3275	-390.1046	82.7771	1.526001	2.58425	0.5874139
2418	-301.2683	-384.2298	82.96152	2.030431	1.418995	0.6115595
2424	-305.2262	-388.8593	83.63313	2.038448	0.7290783	0.5772731
2430	-302.2812	-386.4093	84.1281	1.800153	0.522492	0.6696326
2436	-296.3286	-379.5367	83.20811	1.816839	1.121172	0.9284211
2442	-299.2327	-381.706	82.47322	1.289098	1.627376	1.645637
2448	-299.9558	-382.9567	83.00098	1.162148	1.694887	1.307216
2454	-296.9369	-379.6368	82.6999	1.42114	1.552412	1.418229
2460	-293.0255	-375.8531	82.82756	1.360062	1.37952	1.466241
2466	-299.6419	-382.7043	83.0624	1.963957	1.37952	0.6006514
2472	-289.913	-373.3206	83.40759	1.950132	0.9822512	0.6530778
2478	-288.5245	-371.7828	83.25826	2.041277	1.069244	0.5810606
2484	-286.1052	-369.1761	83.07092	2.077965	1.235029	0.5863014
2490	-284.1469	-366.5527	82.40582	1.984197	2.07771	0.8754852
2496	-289.8177	-372.5466	82.72884	1.539516	1.537315	1.310478
2502	-309.0824	-391.25	82.16753	1.330409	1.299604	1.997755
2508	-307.5726	-390.5275	82.95492	1.59117	1.440796	1.135669
2514	-299.2011	-382.7536	83.55248	1.694843	0.8571621	0.9756058
2520	-295.715	-379.934	84.21894	1.718563	0.4503225	0.8380795
2526	-293.0937	-375.9356	82.84195	1.916334	1.682467	0.7052404
2532	-293.5361	-376.2646	82.72855	2.018752	1.762881	0.6189935
2538	-297.8467	-380.7919	82.94522	1.75247	1.879813	0.5117104
2544	-301.2114	-383.7116	82.50027	2.125597	1.995994	0.4674897
2550	-302.8556	-387.2875	84.43198	1.541972	0.4955773	0.6661574
2556	-296.908	-380.4363	83.52831	1.998034	0.7727237	0.7611948
2562	-301.2671	-384.4004	83.13322	2.029744	1.113114	0.7687765
2568	-300.0361	-383.4004	83.36425	1.595731	0.9329007	1.168212
2574	-304.5316	-387.9799	83.44826	1.595731	0.9790265	1.048097
2580	-308.6601	-391.0969	82.43685	0.781442	0.9718412	2.373249
2586	-301.417	-384.1953	82.77831	1.1892	0.6322386	2.151458
2592	-299.5085	-382.8483	83.33977	2.048072	0.9313353	0.6965852
2598	-300.3478	-383.2283	82.88053	1.401651	1.620514	1.250966
2604	-302.1399	-384.8951	82.75521	1.038324	0.6554863	2.243276
2610	-295.3507	-378.0539	82.7032	1.085482	1.381915	1.754518
2616	-296.4649	-379.1914	82.72653	1.445872	1.529653	1.391052
2622	-292.8022	-375.87	83.06787	1.320016	0.6250438	1.878495
2628	-297.296	-380.3558	83.05987	1.041803	0.8527514	1.878495
2634	-298.0185	-380.0304	82.01195	1.481924	0.5984584	2.484328
2640	-296.5652	-379.9192	83.35393	1.43608	0.482425	1.752933
2646	-295.1227	-378.3769	83.25412	1.246463	0.7804795	1.658909
2652	-302.5422	-386.872	84.32985	1.587323	0.5418732	0.6267063
2658	-299.7952	-383.6958	83.90066	1.814369	0.6825775	0.6267063
2664	-299.4883	-383.0536	83.56528	1.566066	0.8089779	1.13833
2670	-295.4941	-379.5962	84.10208	1.887915	0.4690568	0.718314
2676	-294.3786	-378.3021	83.92346	1.505774	0.8601265	0.7544719
2682	-299.3742	-383.6467	84.27259	1.507117	0.5529308	0.8232659
2688	-294.4489	-378.2497	83.80083	1.768339	0.8171874	0.5594305
2694	-296.682	-380.2531	83.57104	1.619746	1.191796	0.5694392
2700	-286.3147	-369.5291	83.2144	1.67245	1.410357	0.8045872
2706	-289.1225	-372.1794	83.05683	0.900938	1.040292	1.843001
2712	-297.4218	-381.3524	83.93054	1.224441	0.7989758	1.127698
2718	-291.8074	-375.118	83.31067	1.330029	1.523398	0.9882097
2724	-293.0069	-376.3785	83.37161	1.247772	0.8947493	1.475765
2730	-299.7364	-383.2045	83.46809	1.160069	0.8947493	1.46912
2736	-298.2009	-381.5859	83.38501	1.293548	0.8094198	1.503616
2742	-302.5833	-385.7847	83.2014	1.908767	1.259344	0.6362677
2748	-303.0371	-385.3919	82.35472	1.672978	1.942855	1.289769
2754	-297.1873	-381.0699	83.88256	1.316241	0.8820936	0.9967591
2760	-298.1517	-380.9748	82.82314	2.120416	1.506342	0.5500631
2766	-294.3583	-377.2772	82.9189	1.751161	1.506342	0.9709204
2772	-296.2351	-380.0533	83.81819	1.564882	0.5127758	1.270138
2778	-292.873	-376.2268	83.35382	1.355808	1.06272	1.270138
2784	-293.8382	-377.5134	83.67523	1.087108	0.8763491	1.381276
2790	-292.2999	-375.8117	83.51179	1.354668	0.9269312	1.253261
2796	-300.6684	-385.5406	84.87224	1.376454	0.2791451	0.8892438
2802	-309.3271	-393.1807	83.85359	1.897052	0.4739505	0.998391
2808	-311.2118	-394.8012	83.58935	1.547546	1.12274	0.7927189
2814	-297.046	-380.0087	82.9627	2.127806	1.319457	0.5287398
2820	-303.2519	-385.843	82.59103	2.158155	1.798062	0.500733
2826	-298.339	-381.8988	83.55983	2.010242	0.815272	0.5653859
2832	-292.881	-376.4717	83.59075	1.625629	0.815272	1.053343
2838	-291.8891	-375.4346	83.54558	1.395669	0.6294891	1.479194
2844	-298.0346	-379.7077	81.67305	1.332326	1.656094	2.147323
2850	-292.6208	-375.9878	83.36707	1.48046	0.6280448	1.550663
2856	-302.3257	-385.4217	83.09596	1.44564	1.183529	1.316825
2862	-304.649	-388.192	83.54307	1.459846	0.9370382	1.126297
2868	-294.5291	-378.6366	84.10753	1.459846	0.498396	1.132384
2874	-288.8641	-372.1061	83.24193	1.648932	1.091432	1.089024
2880	-295.0153	-379.3289	84.31362	2.146753	0.2384466	0.7510778
2886	-294.5664	-378.5774	84.01106	2.124244	0.4274994	0.4613459
2892	-294.4935	-377.6028	83.10932	1.444208	0.723956	1.670962
2898	-293.9712	-376.711	82.73982	1.13205	0.889518	2.005803
2904	-292.4275	-376.5211	84.09361	1.422742	0.4614002	1.231213
2910	-296.8325	-381.2635	84.43107	1.410585	0.3907252	1.058153
2916	-300.4587	-384.8031	84.34437	1.410216	0.4636607	1.012169
2922	-306.5517	-391.204	84.65234	1.292697	0.2196885	1.314441
2928	-311.8105	-395.9213	84.11077	1.33089	0.2468028	1.639692
2934	-321.6333	-405.6825	84.0492	1.473206	0.3936505	1.328787
2940	-308.956	-393.2856	84.32963	2.062571	0.3040815	0.4955795
2946	-301.6646	-385.7541	84.08951	1.692491	0.6493076	0.5540996
2952	-293.8094	-376.8719	83.06244	1.84795	1.551136	0.5540996
2958	-292.8363	-375.6888	82.8525	1.932156	1.681271	0.3701759
2964	-290.4796	-374.1097	83.63006	1.690183	0.9228968	0.8107063
2970	-291.9202	-375.5007	83.5805	1.386886	1.035474	1.067491
2976	-297.9731	-381.4449	83.47177	1.055481	0.5024386	1.910674
2982	-299.4367	-383.0121	83.57544	1.379477	0.6969525	1.398732
2988	-299.2004	-382.6249	83.42451	1.731275	0.9726739	0.9421602
2994	-290.9229	-374.4046	83.48176	1.923014	0.9737251	0.4816792
3000	-300.3443	-383.771	83.42662	1.910608	0.9721187	0.7108949
3006	-302.0639	-386.0868	84.02282	1.873314	0.5715424	0.5403132
3012	-300.7782	-384.7337	83.95549	1.406016	0.5943367	1.182213
3018	-300.1795	-382.7719	82.59241	1.307474	0.5943367	2.230425
3024	-297.1988	-380.3063	83.10747	1.450487	0.741747	1.651782
3030	-292.2985	-375.7616	83.46308	1.50436	0.8724977	1.217925
3036	-288.5665	-371.4823	82.91584	1.3446	1.359965	1.422323
3042	-292.439	-376.1125	83.67352	1.225737	0.5340562	1.615165
3048	-298.1136	-381.7565	83.64286	1.171186	0.5340562	1.676365
3054	-293.8573	-378.1071	84.24986	1.406677	0.51121	1.0298
3060	-292.6748	-376.1236	83.44885	1.405093	0.5269872	1.655873
3066	-293.5646	-376.9566	83.39202	1.593053	0.9486763	1.131394
3072	-292.8891	-377.1012	84.21212	1.719399	0.451626	0.8426127
3078	-300.8235	-383.7102	82.88672	1.655919	2.02329	0.7102378
3084	-300.0716	-384.3662	84.29462	1.700179	0.4234398	0.8274524
3090	-298.8521	-382.7709	83.91886	1.294027	0.7410534	1.138815
3096	-306.1061	-389.214	83.10793	1.381036	1.313134	1.270356
3102	-303.2457	-386.1141	82.86834	1.030094	1.175823	1.797353
3108	-304.4964	-387.7527	83.25636	1.393453	0.6301311	1.691529
3114	-295.2015	-378.5595	83.35804	1.181133	0.799843	1.614521
3120	-303.3904	-385.8991	82.50871	0.9641771	0.7233992	2.390741
3126	-298.834	-381.6394	82.80547	1.217824	0.911374	1.888018
3132	-309.0021	-390.613	81.61084	1.84124	1.290346	2.033315
3138	-288.927	-371.0129	82.08588	1.354451	1.105799	2.146989
3144	-294.1977	-376.9084	82.71062	1.278749	0.8296489	1.972096
3150	-302.6501	-385.6636	83.01355	1.094801	0.7307573	1.972096
3156	-306.7128	-390.6215	83.90861	2.254716	0.3427273	0.8171545
3162	-289.0661	-373.0239	83.95778	1.434076	0.7691125	0.9316714
3168	-291.7071	-374.9887	83.28152	1.653406	1.219109	0.9316714
3174	-298.7092	-382.1693	83.46014	1.985868	0.7683023	0.8719899
3180	-299.0051	-382.7303	83.72514	1.798446	0.8628779	0.492879
3186	-293.7515	-377.3134	83.56189	2.006535	0.7625354	0.7151574
3192	-298.6045	-380.9507	82.34618	2.040697	2.419759	0.5770227
3198	-294.028	-378.0055	83.97749	1.636629	0.6567152	0.8424675
3204	-294.126	-377.552	83.42601	1.626277	0.6378684	1.384877
3210	-287.8928	-372.1118	84.219	1.820618	0.4688474	0.6204562
3216	-292.3969	-375.4324	83.03541	1.993643	1.391879	0.5545645
3222	-291.2777	-374.3839	83.1062	2.306996	0.958452	0.439595
3228	-295.3795	-379.7384	84.35889	1.880821	0.3729773	0.4572759
3234	-304.863	-387.8408	82.97785	1.025455	0.6264935	2.133382
3240	-313.2262	-395.5339	82.30774	1.221877	1.429012	1.907726
3246	-303.3939	-386.4232	83.02933	1.300142	0.638612	1.905275
3252	-304.9157	-388.3613	83.44553	1.870897	0.6462008	1.157254
3258	-302.2745	-386.5754	84.30086	1.571776	0.4246405	0.9635658
3264	-293.2253	-377.5047	84.27943	1.336467	0.6418133	0.8650295
3270	-302.5126	-385.8232	83.31061	1.557427	0.7495716	1.414255
3276	-307.5156	-391.6966	84.18102	1.410885	0.5678479	1.006021
3282	-307.7968	-391.1636	83.36687	1.611896	0.5346791	1.556382
3288	-294.4583	-378.1769	83.71864	1.419772	0.5346791	1.436466
3294	-296.4555	-379.2643	82.80883	1.321801	0.5346791	2.13957
3300	-301.6306	-384.9053	83.27472	0.705473	0.5346791	2.237066
3306	-302.4105	-385.0973	82.68688	1.185273	0.606324	2.237066
3312	-303.4838	-386.0754	82.59165	1.141902	1.694603	1.633517
3318	-298.9135	-381.483	82.56942	1.369609	1.694603	1.482159
3324	-306.1336	-388.7543	82.62071	1.077579	0.6649233	2.29614
3330	-304.6499	-386.7343	82.08438	1.130191	1.050961	2.325767
3336	-314.8943	-399.0696	84.17529	1.042306	0.4827642	1.440812
3342	-294.1946	-376.9329	82.73834	1.528517	1.914541	1.098462
3348	-298.3488	-381.604	83.25523	1.165079	0.8503492	1.658145
3354	-292.8258	-377.2371	84.4113	1.374493	0.4196207	1.058753
3360	-296.6695	-380.5944	83.92492	1.558544	0.5176499	1.1786
3366	-292.5204	-375.6881	83.16771	1.783565	0.9281904	1.180118
3372	-298.0746	-381.791	83.71641	1.732753	0.9281904	0.5435358
3378	-296.1597	-380.174	84.01434	1.655463	0.6951906	0.6868021
3384	-295.9791	-380.1155	84.13641	1.407346	0.5018365	1.148348
3390	-297.1014	-381.2761	84.17473	1.640179	0.3955925	1.074394
3396	-303.472	-388.4207	84.9487	1.640179	0.1869368	0.7802527
3402	-303.3212	-386.8288	83.50765	1.524582	0.9018931	1.133571
3408	-299.0251	-383.4577	84.43261	1.951421	0.2674103	0.7528005
3414	-294.4114	-376.7105	82.29915	1.829549	2.483693	0.9274042
3420	-284.1814	-368.0157	83.83429	1.724611	0.6421718	0.9288939
3426	-287.1406	-370.42	83.27938	1.707922	1.274304	0.8155951
3432	-287.5015	-369.8111	82.30953	1.500047	1.124524	1.889995
3438	-289.3164	-371.897	82.58064	1.799414	2.124339	0.8561371
3444	-291.6712	-374.9218	83.25053	1.793983	1.169863	0.8561371
3450	-295.0233	-378.3357	83.31235	0.8060268	1.142858	1.663403
3456	-291.6212	-375.233	83.61185	1.470487	0.835742	1.154335
3462	-290.3958	-374.223	83.82721	1.635531	0.7671629	0.8537307
3468	-288.2515	-371.2361	82.98463	1.801928	1.230947	1.069994
3474	-292.8375	-375.4407	82.60323	1.333449	1.208501	1.750802
3480	-290.485	-373.5159	83.03085	1.250099	0.8578321	1.750802
3486	-287.4784	-370.6303	83.15185	1.558235	1.055043	1.275821
3492	-295.4937	-378.0396	82.54598	1.432365	1.397745	1.610789
3498	-285.0094	-368.5673	83.55785	1.617513	0.7894237	1.119546
3504	-296.3359	-379.8121	83.47622	1.611322	0.7994006	1.186646
3510	-297.1901	-380.8732	83.68313	1.310934	0.9869571	1.087499
3516	-292.8423	-376.5009	83.65858	1.437135	0.9203666	1.056916
3522	-290.8842	-374.4224	83.53815	1.177208	0.9203666	1.380723
3528	-291.5159	-374.3295	82.8136	1.016206	1.116719	1.881101
3534	-299.4317	-381.3556	81.92382	0.8879684	1.112857	2.542546
3540	-294.1535	-376.7639	82.61032	2.310533	1.510366	0.3973982
3546	-293.6186	-376.3145	82.69584	2.248819	1.510366	0.4819978
3552	-289.4056	-372.5595	83.15389	1.441251	0.9596913	1.441917
3558	-294.0181	-377.8294	83.81129	1.441251	0.7706465	1.069278
3564	-288.6658	-371.9744	83.30853	1.267896	1.046521	1.389388
3570	-292.3697	-375.0759	82.70623	1.299822	1.327832	1.630724
3576	-287.1504	-370.2887	83.13829	1.232872	0.7675288	1.761433
3582	-287.6153	-370.9959	83.38058	1.330227	0.7675288	1.516875
3588	-299.3362	-382.7461	83.40986	0.9884535	1.057877	1.516875
3594	-303.7675	-387.3568	83.58937	1.500646	1.202016	0.759098
3600	-298.489	-381.9882	83.49923	1.297702	1.30315	1.001596
3606	-301.3123	-384.7784	83.46611	1.78651	0.7970924	1.039067
3612	-299.563	-383.3962	83.83313	1.726509	0.6977606	0.842182
3618	-298.7407	-381.9159	83.17525	1.794201	1.209922	0.902436
3624	-308.3429	-391.7022	83.35931	1.694821	0.6455241	1.375112
3630	-295.7405	-379.4471	83.70663	1.347495	0.6455241	1.375112
3636	-307.199	-390.5687	83.36973	1.387309	1.232328	1.096315
3642	-299.0312	-382.83	83.79877	1.483097	0.8148051	0.9897166
3648	-303.9696	-386.9681	82.99851	1.577893	1.653426	0.9604107
3654	-296.248	-379.1911	82.94312	1.61123	1.222191	1.279104
3660	-293.5348	-376.2836	82.74881	1.257436	1.222191	1.693462
3666	-299.615	-381.8235	82.20852	1.349199	1.695068	1.757996
3672	-298.991	-380.951	81.96006	1.652405	3.682892	0.9416841
3678	-297.1877	-381.0215	83.83377	1.408259	0.8901035	0.9430803
3684	-298.4996	-381.9598	83.46021	1.632134	0.7960683	1.1859
3690	-299.1864	-382.9632	83.77677	1.032916	0.8344179	1.381098
3696	-302.3879	-384.1774	81.78942	0.8316183	2.063174	2.232077
3702	-309.7687	-392.277	82.50834	0.8927559	0.992681	2.243087
3708	-309.1627	-392.7005	83.53773	1.225286	0.992681	1.28267
3714	-303.3511	-387.9873	84.6362	1.569936	0.3658686	0.6788281
3720	-305.1312	-388.3503	83.2191	1.698486	1.219253	0.9500434
3726	-307.8908	-391.0888	83.19799	1.411947	1.187119	1.258373
3732	-303.1829	-386.0455	82.86256	1.416614	1.082161	1.587737
3738	-302.3803	-384.5102	82.12994	1.582565	1.191469	1.915177
3744	-304.664	-387.8088	83.14487	1.933522	1.225835	0.7457729
3750	-308.7913	-391.4721	82.68082	1.7288	2.322609	0.6504514
3756	-311.268	-393.7202	82.45218	1.758072	2.296661	0.9422122
3762	-313.0828	-397.0711	83.98831	1.381908	0.5125337	1.281037
3768	-307.9581	-391.5854	83.62729	1.528421	0.6687883	1.267884
3774	-306.0871	-389.0583	82.97125	1.343456	0.9787816	1.635287
3780	-302.4515	-385.7321	83.28059	1.964639	1.140408	0.5086666
3786	-306.1457	-388.2986	82.15287	1.332018	1.435505	1.934619
3792	-289.0025	-372.5282	83.52578	1.188973	0.5766503	1.700411
3798	-289.8412	-372.8012	82.96006	1.638364	1.38232	1.129106
3804	-287.0606	-370.4216	83.36091	1.653217	0.9788239	1.076502
3810	-287.802	-371.392	83.59004	1.318764	0.6115698	1.522596
3816	-288.5241	-372.839	84.31487	1.128637	0.4356466	1.328689
3822	-291.4456	-375.5653	84.11976	1.30598	0.4227901	1.361624
3828	-289.4797	-373.0654	83.58567	1.374565	0.9035472	1.195108
3834	-289.9905	-373.5668	83.57622	0.9333214	0.5997147	1.819993
3840	-293.4713	-376.3169	82.84563	1.560018	0.8170994	1.695707
3846	-294.1119	-378.8679	84.75597	1.290526	0.2622984	1.13197
3852	-293.1304	-377.328	84.1976	1.397014	0.4503432	1.181015
3858	-302.9648	-387.5995	84.63473	1.59675	0.310637	0.8205352
3864	-291.3179	-375.7109	84.39302	1.401424	0.4923195	0.9201171
3870	-292.3947	-376.2329	83.83819	1.448788	0.9471094	0.8207871
3876	-290.0495	-373.234	83.18451	1.696772	0.9471094	1.223057
3882	-295.4295	-379.2247	83.79526	1.432981	0.8103525	1.047496
3888	-294.3665	-378.5261	84.1596	1.749401	0.3900164	0.9938022
3894	-293.5894	-377.3279	83.73855	1.508493	0.5451021	1.338766
3900	-289.6054	-373.9458	84.34036	1.144303	0.4082049	1.336581
3906	-294.6321	-378.1688	83.53664	1.304871	0.8267332	1.362996
3912	-298.4606	-381.1396	82.67899	2.037341	1.289494	1.089618
3918	-301.6849	-384.0997	82.41479	2.003842	2.360541	0.4352432
3924	-293.6483	-377.1108	83.46244	1.947699	0.8792293	0.7513313
3930	-294.5869	-378.5781	83.99114	1.640007	0.6230466	0.8779586
3936	-297.3124	-381.2352	83.92286	1.563179	0.5977546	1.065458
3942	-287.6613	-371.677	84.01569	1.470344	0.5977546	1.065458
3948	-293.2491	-376.5754	83.3263	1.740477	1.183454	0.813371
3954	-297.3833	-381.4655	84.08227	1.740477	0.6233209	0.4785689
3960	-299.9466	-384.4152	84.46863	1.209991	0.5564656	0.9344039
3966	-299.0458	-382.9415	83.8957	1.552194	0.7419851	0.9068429
3972	-294.8882	-378.2935	83.40525	1.594893	1.060347	1.012819
3978	-303.4262	-386.0019	82.57574	1.594893	2.726135	0.727011
3984	-302.8606	-385.5921	82.73151	1.696028	2.19725	0.7380873
3990	-298.3011	-382.0712	83.77007	1.477164	1.045222	0.7388547
3996	-296.2846	-379.5292	83.24463	1.718356	1.074045	1.036374
4002	-299.8028	-383.3785	83.57562	1.108322	1.074045	1.282395
4008	-300.1712	-383.3562	83.18504	1.101565	1.074045	1.587907
4014	-302.6762	-385.507	82.83076	2.070857	1.480356	0.703938
4020	-306.6547	-390.0818	83.42712	2.085973	0.6021567	1.033507
4026	-308.5329	-392.3506	83.81763	2.236201	0.4743343	0.526923
4032	-296.3838	-378.9684	82.58465	2.236201	1.646068	0.3896887
4038	-294.9213	-378.8077	83.88645	1.393594	0.6153251	1.225931
4044	-294.1914	-378.4933	84.30189	1.288699	0.4236335	1.225931
4050	-297.1133	-380.9352	83.82191	1.583937	0.7237876	0.9761367
4056	-294.0011	-377.2143	83.21324	1.583937	0.7237876	1.49291
4062	-304.9423	-387.9365	82.99424	1.143891	0.927792	1.797215
4068	-302.0597	-384.5556	82.49595	1.320114	0.6559577	2.228353
4074	-292.2946	-376.3214	84.02688	1.509523	0.6149047	0.9923649
4080	-287.5651	-371.1315	83.56637	1.284442	0.8092163	1.371697
4086	-288.5471	-371.8398	83.2927	1.431005	0.5665681	1.704814
4092	-293.3448	-377.1038	83.75899	1.528382	0.5507428	1.299253
4098	-298.1087	-382.3427	84.23407	1.55882	0.540553	0.8309016
4104	-291.7538	-375.5772	83.82341	1.347946	0.7806676	1.132578
4110	-296.25	-380.0569	83.80698	1.208933	0.6531409	1.396821
4116	-294.1629	-377.7531	83.59025	1.405295	0.5852671	1.48633
4122	-293.1271	-376.7192	83.59209	1.259954	0.9166874	1.274195
4128	-291.7487	-374.9231	83.17441	1.291159	1.336318	1.274195
4134	-301.4436	-384.8347	83.39107	1.293227	0.4477339	1.867653
4140	-290.8632	-374.2552	83.39198	1.446472	0.6497392	1.535074
4146	-298.301	-380.6788	82.37773	1.924382	1.925228	1.059576
4152	-301.7275	-385.6954	83.96782	1.76052	0.5637793	0.865879
4158	-297.5197	-382.1347	84.61501	1.679419	0.3138284	0.7202688
4164	-301.5819	-384.2747	82.69277	1.652817	0.6361942	1.89662
4170	-314.6335	-398.1222	83.48864	1.240543	0.8067411	1.467832
4176	-295.9844	-379.7224	83.73798	1.354871	0.8605395	1.119936
4182	-301.2086	-383.9513	82.74274	1.726984	1.801856	0.9697243
4188	-293.4163	-376.5113	83.09499	1.788416	1.365456	0.8530652
4194	-293.5546	-375.948	82.39347	2.347794	1.727749	0.3538108
4200	-292.0459	-375.8024	83.75647	1.98324	0.6803463	0.4479453
4206	-295.4737	-378.9962	83.52246	1.94045	0.9153337	0.5430196
4212	-290.0374	-374.3535	84.31607	1.622578	0.3901385	0.9632427
4218	-307.2089	-390.6239	83.41503	1.487085	1.360547	0.8348733
4224	-296.1525	-380.2727	84.1202	1.481266	0.4916707	1.111735
4230	-301.8188	-385.8742	84.05535	1.537978	0.4916707	1.119109
4236	-301.6944	-385.6827	83.98833	1.125361	0.6331179	1.34162
4242	-306.1359	-390.8218	84.68592	1.519962	0.3574098	0.7104184
4248	-307.6073	-390.8785	83.27116	1.854425	0.9078884	1.041134
4254	-299.2586	-383.2751	84.01655	1.763453	0.5818316	0.7637047
4260	-291.2995	-375.1475	83.84791	1.644216	0.7998983	0.7637047
4266	-290.9896	-374.4642	83.47461	2.159625	0.7235757	0.3517873
4272	-296.0158	-379.4773	83.4615	1.835944	0.7170747	1.089594
4278	-300.1975	-384.535	84.33751	1.397541	0.5383641	0.9033185
4284	-303.4476	-388.0776	84.62996	1.698834	0.3249209	0.5959113
4290	-306.5167	-391.2456	84.72891	1.63563	0.3161648	0.491804
4296	-304.8844	-388.9976	84.11319	1.275147	0.6410959	1.099002
4302	-309.0955	-393.2957	84.20022	1.307449	0.6410959	0.9841516
4308	-304.5147	-387.2091	82.69438	1.455638	1.426023	1.467486
4314	-294.5599	-378.9918	84.43191	1.427407	0.5540352	0.7052332
4320	-292.742	-376.6783	83.93624	1.904087	0.544105	0.7594479
4326	-292.2092	-376.7273	84.51812	1.465827	0.4581155	0.7572905
4332	-293.7605	-376.8448	83.08436	1.790204	1.372871	0.8566756
4338	-289.1219	-372.9164	83.79452	2.060497	0.5990566	0.5429156
4344	-301.3669	-384.5796	83.21269	2.641867	0.5990566	0.4568791
4350	-303.2748	-387.0056	83.73089	2.373671	0.372895	0.2804026
4356	-302.6808	-386.6784	83.99762	2.363754	0.250615	0.2666237
4362	-299.1048	-383.6678	84.56297	1.99487	0.2200108	0.3598681
4368	-287.1676	-371.091	83.92341	1.897945	0.6038136	0.6332503
4374	-289.042	-372.6088	83.56681	1.748477	0.7801274	0.9973727
4380	-287.512	-371.0785	83.5665	1.117849	0.7801274	1.525228
4386	-292.6651	-375.4205	82.75534	1.019428	1.556305	1.672394
4392	-288.6785	-371.5552	82.87675	1.230378	0.8401684	1.884482
4398	-295.5922	-378.3383	82.74611	1.322707	1.643652	1.409275
4404	-289.595	-373.1118	83.51679	1.32654	1.088149	1.135002
4410	-295.8371	-378.8997	83.06261	0.8921771	0.7873647	2.028171
4416	-291.9799	-374.878	82.89807	1.255434	1.026022	1.716559
4422	-297.3452	-381.0038	83.65862	1.190039	1.098722	1.121341
4428	-292.824	-375.074	82.24992	1.249054	1.493485	1.895744
4434	-288.0913	-371.9772	83.88597	1.386369	0.9036702	0.8936464
4440	-292.5174	-375.8146	83.29717	1.02257	0.7939977	1.775111
4446	-297.6209	-381.8452	84.22431	1.346397	0.7394098	0.756238
4452	-299.5026	-381.9555	82.4529	1.57966	0.7394098	2.015425
4458	-292.7785	-376.0192	83.24069	1.660251	0.8896592	1.25789
4464	-298.7249	-382.9051	84.18015	1.470956	0.3954268	1.220011
4470	-304.8908	-389.1728	84.282	1.323231	0.4195247	1.220011
4476	-304.9502	-388.5026	83.55236	1.420171	0.8657007	1.220011
4482	-309.9052	-394.1165	84.21128	1.465958	0.3446463	1.284173
4488	-302.8143	-387.0111	84.19675	1.509455	0.1672643	1.617669
4494	-295.1966	-377.6004	82.40381	1.054536	0.7510054	2.378052
4500	-294.1293	-377.5816	83.45234	1.497875	1.216121	0.917834
4506	-297.1097	-380.4291	83.31941	1.741173	0.9822791	1.028917
4512	-293.082	-376.7331	83.65109	1.918976	0.7047121	0.8177017
4518	-297.8038	-380.7724	82.96858	2.242698	1.177346	0.4773965
4524	-300.8606	-384.3576	83.49698	1.917379	0.9040844	0.7010477
4530	-304.3136	-388.3709	84.05726	1.546455	0.5809029	0.9743175
4536	-307.1364	-390.8519	83.71545	1.057775	0.6543386	1.578475
4542	-311.0163	-394.65	83.63367	1.694426	0.908552	0.82036
4548	-307.81	-390.538	82.72799	1.035819	0.8913663	2.076036
4554	-298.7949	-383.0171	84.22216	1.622354	0.5811476	0.6557809
4560	-296.7859	-380.2195	83.43365	1.655874	1.164174	0.8059654
4566	-292.5803	-376.2624	83.68209	1.630137	1.065281	0.539484
4572	-289.9779	-373.5181	83.54023	2.040351	0.8031237	0.4277042
4578	-291.4332	-375.3019	83.86867	1.712262	0.8091952	0.5466754
4584	-299.7671	-382.571	82.80388	1.678286	1.9238	0.8733178
4590	-311.5752	-395.8202	84.24492	1.951969	0.3728982	0.3621524
4596	-311.2625	-395.0141	83.75155	1.849095	0.795925	0.5028214
4602	-316.7782	-399.1664	82.38824	0.9265718	1.092477	2.236339
4608	-314.175	-395.7971	81.62213	0.807395	1.092477	2.789489
4614	-306.9139	-390.6054	83.69152	0.8603626	1.282712	1.238806
4620	-306.2011	-390.4639	84.26281	1.395064	0.3981989	1.209688
4626	-303.8858	-388.1663	84.28049	1.395064	0.3981989	1.194554
4632	-300.9082	-384.5701	83.66187	1.342831	0.7574676	1.298262
4638	-296.1439	-380.0669	83.92303	1.679755	0.6047492	0.9386515
4644	-299.1639	-381.8447	82.68083	1.476618	0.9353407	1.778277
4650	-299.6895	-383.6575	83.96799	1.426884	0.6906124	1.029807
4656	-299.2604	-382.7618	83.50146	1.893414	0.6906124	1.029807
4662	-294.0852	-376.7139	82.62871	2.221742	1.580991	0.365704
4668	-295.7284	-379.9259	84.19745	1.809709	0.4683077	0.6909712
4674	-301.1434	-385.3132	84.16979	1.508897	0.725498	0.5670617
4680	-298.2526	-381.7232	83.47064	1.617716	0.8371993	1.147546
4686	-294.0384	-376.7767	82.73837	1.929694	1.641011	0.8685508
4692	-292.8435	-376.043	83.19952	1.540314	1.42602	0.9608183
4698	-291.233	-374.6269	83.39386	1.429047	0.8037115	1.398589
4704	-291.9097	-375.1043	83.19462	1.70089	0.7540192	1.388622
4710	-294.1762	-377.1467	82.97046	1.398164	1.019143	1.56671
4716	-302.3729	-383.7097	81.33677	1.197777	1.28074	2.623466
4722	-300.1396	-382.99	82.85042	0.9936222	0.8660943	2.041427
4728	-296.9598	-379.4911	82.53126	1.49752	0.6141844	2.128151
4734	-302.0123	-385.055	83.04273	1.322692	0.3495503	2.20525
4740	-303.9951	-387.4693	83.47417	1.214991	0.6496351	1.644096
4746	-313.3565	-396.8254	83.46886	1.037714	0.79275	1.644096
4752	-298.8935	-381.9038	83.0103	0.9911827	0.5524942	2.205404
4758	-298.165	-380.0399	81.87482	0.9290731	0.5957718	2.910425
4764	-300.0852	-383.6716	83.58642	1.245423	0.6161799	1.574554
4770	-307.3948	-390.3566	82.96178	1.349402	0.6284108	1.927296
4776	-308.2758	-391.5236	83.24785	1.063331	0.6284108	1.927296
4782	-306.0824	-389.1452	83.06285	1.639552	0.914697	1.395571
4788	-295.246	-379.047	83.80095	1.397415	0.8920916	0.9861725
4794	-306.9975	-391.5082	84.51066	1.244669	0.4876573	0.9699612
4800	-301.9931	-385.8424	83.84929	1.546164	0.8524675	0.813045
4806	-299.2722	-383.5439	84.27177	1.472173	0.5979994	0.7810948
4812	-302.2645	-386.7988	84.53426	1.35809	0.3311088	1.125091
4818	-309.0957	-391.8091	82.71332	0.9363541	1.117772	2.001773
4824	-303.6107	-386.3341	82.72344	0.9337722	0.6938842	2.297779
4830	-307.4794	-390.1685	82.68911	1.145459	0.6938842	2.183625
4836	-303.0139	-386.0235	83.00952	0.9631036	0.6095294	2.169093
4842	-305.3703	-388.1988	82.82849	1.124259	0.6234725	2.169093
4848	-305.0794	-387.6634	82.584	1.368744	0.6234725	2.169093
4854	-302.6335	-386.1028	83.46927	2.232019	0.6253969	0.785742
4860	-294.2013	-378.5243	84.32305	1.343301	0.567343	0.9297658
4866	-294.688	-378.549	83.86097	1.480362	0.9288734	0.7735227
4872	-295.3378	-379.9728	84.63496	1.985273	0.2140926	0.4618483
4878	-300.6316	-384.1718	83.54019	2.295302	0.6039035	0.4158688
4884	-297.3475	-381.7634	84.41583	2.116024	0.2413557	0.4158688
4890	-298.4523	-383.3035	84.85119	1.625496	0.2413052	0.7132529
4896	-298.472	-383.0453	84.57332	1.593448	0.3052831	0.9116929
4902	-294.965	-378.3228	83.35773	1.346387	1.108682	1.238794
4908	-299.1611	-383.5331	84.37192	1.452177	0.3671488	1.118009
4914	-304.217	-388.8155	84.59852	1.687818	0.2943782	0.7980574
4920	-295.3961	-377.5073	82.11121	1.606893	1.050598	1.998301
4926	-293.1874	-376.3946	83.20715	1.119741	1.006951	1.605998
4932	-292.1276	-375.451	83.32335	1.264807	1.266838	1.21936
4938	-294.9603	-377.9172	82.95683	1.15575	0.8529032	1.870942
4944	-294.0027	-377.5533	83.55058	1.51212	0.9374132	1.071069
4950	-291.6115	-374.6488	83.03731	1.905763	0.9374132	1.178809
4956	-302.8857	-385.1163	82.23053	1.96072	2.830484	0.4267356
4962	-296.0382	-380.1627	84.12454	2.019773	0.4196614	0.568786
4968	-299.9849	-383.7728	83.78791	1.316478	0.7350257	1.238993
4974	-300.6554	-384.5241	83.86867	1.589836	0.7283194	0.9141002
4980	-297.2117	-382.0839	84.87219	1.491305	0.2339712	0.8909784
4986	-300.4281	-384.2523	83.82412	1.639402	0.8191029	0.7724913
4992	-297.9513	-381.3996	83.44833	1.210261	0.7225124	1.596584
4998	-297.9399	-381.3433	83.40337	1.209614	0.5233151	1.829005
5004	-294.1331	-377.4644	83.33135	1.180789	0.6744289	1.74583
5010	-300.5494	-383.0558	82.50635	1.554059	1.217058	1.658013
5016	-298.1931	-381.436	83.24282	1.479754	1.308907	1.068972
5022	-298.6748	-383.0236	84.34883	1.586809	0.4597363	0.8194909
5028	-300.0471	-383.9912	83.94403	1.293547	0.9150164	0.9188449
5034	-283.9633	-367.9259	83.96258	1.745896	0.6371948	0.7518013
5040	-291.7567	-375.782	84.02526	1.769556	0.5084872	0.8898387
5046	-293.4328	-377.3116	83.87885	2.047162	0.4752124	0.7969564
5052	-290.046	-373.2009	83.15496	1.69997	0.9476868	1.244707
5058	-299.0817	-382.6406	83.55896	1.38497	0.9476868	1.168702
5064	-295.7855	-378.8127	83.02715	1.535381	0.9476868	1.476189
5070	-297.0248	-381.0886	84.06384	1.607835	0.3297415	1.314853
5076	-294.3386	-377.9342	83.59556	1.233173	0.525714	1.675336
5082	-290.5933	-374.4724	83.87913	1.221846	0.6066974	1.381323
5088	-298.2251	-382.3571	84.13203	1.23404	0.6066974	1.162576
5094	-294.7529	-377.8167	83.06378	1.240747	0.3963877	2.183368
5100	-295.7915	-380.0376	84.24607	1.68343	0.3963877	0.9600834
5106	-297.1055	-381.3525	84.24706	1.565862	0.5487126	0.7880633
5112	-294.248	-377.525	83.27704	1.463245	1.287821	1.068592
5118	-293.9247	-378.4916	84.56686	1.120073	0.3833318	1.209737
5124	-302.2284	-385.244	83.01565	1.240673	0.739526	1.864574
5130	-302.8246	-386.289	83.46446	1.163813	0.5638625	1.77466
5136	-309.6334	-391.2757	81.64233	1.322518	1.2143	2.389774
5142	-299.7877	-381.8183	82.03051	1.274802	0.8297266	2.415484
5148	-300.2145	-381.7071	81.49257	1.328859	1.337753	2.415484
5154	-297.4822	-380.266	82.78378	1.406259	1.191214	1.580485
5160	-291.8675	-376.1032	84.23565	1.554963	0.4287146	1.03805
5166	-303.3878	-386.8141	83.42629	1.276147	0.4287146	1.878779
5172	-299.6424	-383.0109	83.36853	1.578808	0.9466857	1.166631
5178	-296.0517	-379.5182	83.46656	1.667857	0.9466857	0.9920342
5184	-302.1048	-386.0104	83.90562	1.319016	0.8629995	0.9920342
5190	-299.1554	-383.5567	84.40127	1.53147	0.3232445	1.10417
5196	-296.4738	-379.5406	83.06679	1.470029	1.499996	1.10417
5202	-305.0509	-388.2843	83.23343	1.34669	0.8196678	1.567756
5208	-312.8977	-396.9951	84.09741	1.694899	0.3357648	1.203892
5214	-309.3933	-392.501	83.10766	1.515408	1.085525	1.323002
5220	-309.6835	-392.8255	83.14194	1.927272	1.085525	0.9162394
5226	-308.5908	-392.0471	83.45635	1.653539	1.042901	0.9162394
5232	-302.1708	-385.343	83.1722	1.791476	1.042901	1.06419
5238	-304.246	-388.142	83.89602	1.519725	0.6483611	1.06419
5244	-310.3457	-393.137	82.79126	2.092775	1.59425	0.4750095
5250	-301.6906	-384.7557	83.06507	1.925823	1.29005	0.7936273
5256	-305.2971	-389.499	84.20189	1.613394	0.5700921	0.7371692
5262	-295.476	-379.5539	84.07793	1.822963	0.5700921	0.5162642
5268	-292.1451	-376.4828	84.33761	1.556988	0.4867498	0.8125491
5274	-290.3831	-373.9262	83.54312	1.531061	1.124934	0.8690238
5280	-293.1537	-376.5553	83.40162	1.60155	0.9906998	1.075517
5286	-295.5341	-379.9708	84.43666	1.348745	0.5169751	0.8848228
5292	-292.1827	-375.7591	83.57635	1.531216	0.7913727	1.177536
5298	-294.9152	-378.3884	83.47318	1.662783	1.175876	0.7237622
5304	-290.0348	-373.5815	83.54669	1.588813	0.9205167	1.018365
5310	-292.255	-374.9182	82.66317	2.018181	1.866146	0.6204019
5316	-290.9649	-373.6712	82.70631	2.112035	1.691351	0.5165028
5322	-288.9143	-373.0617	84.14742	1.6468	0.4718611	0.9574842
5328	-295.921	-379.4957	83.57475	1.613011	0.5244729	1.410933
5334	-299.1985	-382.7131	83.51453	1.395731	1.322154	0.8623589
5340	-295.2934	-379.0317	83.73831	1.604433	0.8735171	0.8497048
5346	-289.2385	-373.1677	83.92922	1.517622	0.7490958	0.8981159
5352	-294.4782	-378.1316	83.65347	1.350851	0.6761555	1.381588
5358	-309.0184	-391.2148	82.19649	1.15559	2.044943	1.750188
5364	-300.9816	-384.6081	83.62648	1.545036	0.8850597	1.020587
5370	-297.7829	-380.7803	82.99731	1.114944	0.8850597	1.846738
5376	-293.0604	-376.5048	83.44435	1.653032	0.9457882	1.029609
5382	-304.0842	-387.9913	83.90709	1.083069	0.5341957	1.548539
5388	-300.4549	-384.2089	83.75403	0.9624444	0.728546	1.548539
5394	-304.6833	-389.384	84.70075	1.250635	0.2635509	1.212157
5400	-299.9588	-383.8382	83.87939	1.08537	0.8796106	1.213534
5406	-297.0907	-380.5497	83.45901	1.390026	1.171122	1.060213
5412	-299.5893	-383.4211	83.83172	1.081442	0.8619147	1.273105
5418	-303.6537	-387.4341	83.78036	1.437897	0.6189708	1.273105
5424	-298.0563	-380.7331	82.67674	1.316354	0.795209	1.996476
5430	-301.8858	-383.6498	81.764	1.166133	0.6742359	2.76728
5436	-306.6693	-390.8267	84.15743	1.060876	0.5238955	1.387887
5442	-309.0199	-390.9323	81.91239	1.220657	1.564086	2.105673
5448	-298.8239	-382.4606	83.63672	1.294493	0.9968736	1.13556
5454	-296.8595	-379.9338	83.0743	1.206411	0.9968736	1.646601
5460	-296.1143	-379.2629	83.14858	1.2887	0.8495773	1.646601
5466	-306.3717	-389.6387	83.26706	1.681241	1.411546	0.7129325
5472	-308.229	-391.7505	83.52151	1.622192	1.16339	0.729147
5478	-300.7964	-384.9588	84.16238	1.373542	0.5735682	1.052091
5484	-296.4924	-380.1337	83.64132	1.270764	1.18106	0.990061
5490	-292.7242	-375.7823	83.05805	1.234497	1.18106	1.511318
5496	-298.5171	-381.2017	82.68459	1.317591	1.748393	1.406716
5502	-298.5235	-381.2249	82.70139	1.11085	0.8612139	2.066043
5508	-295.2912	-379.1654	83.87426	1.167347	0.8320992	1.193444
5514	-305.8159	-390.0636	84.24767	1.679542	0.4189245	0.9166165
5520	-309.872	-392.7327	82.86068	0.9502965	1.062962	1.928037
5526	-307.5844	-389.4124	81.82803	0.8275175	0.9861706	2.714518
5532	-310.1846	-392.7581	82.57354	1.178563	1.313191	1.817977
5538	-311.422	-394.5298	83.10785	0.9460221	0.9685501	1.826106
5544	-304.9765	-387.9336	82.95712	1.435104	0.9093296	1.631691
5550	-299.8043	-382.1407	82.33645	1.10101	2.190253	1.631691
5556	-298.2766	-381.2079	82.93132	1.406586	1.973583	0.9965312
5562	-305.9129	-388.1477	82.2348	1.265178	1.137071	2.08917
5568	-306.7998	-389.5106	82.71079	1.191274	1.246291	1.752372
5574	-300.4234	-384.8105	84.38707	1.474441	0.5151303	0.7943004
5580	-299.7445	-383.2907	83.54624	1.376565	0.4865978	1.653944
5586	-295.2109	-379.1526	83.94163	1.182113	0.5786161	1.395717
5592	-294.8478	-378.8909	84.04315	1.530676	0.5786161	1.00792
5598	-298.596	-382.2019	83.60592	1.778011	0.8232974	0.8683377
5604	-299.0953	-382.1039	83.0086	1.248053	0.8232974	1.795095
5610	-300.7193	-383.7644	83.04509	1.211565	0.8232974	1.795095
5616	-299.1308	-382.9287	83.79791	2.180996	0.4965651	0.3733297
5622	-294.0774	-377.1324	83.05494	2.02455	0.6997068	1.296833
5628	-290.7633	-374.0051	83.24175	1.598215	1.210275	1.036073
5634	-296.1367	-378.6009	82.46419	1.33725	0.9187932	2.031637
5640	-292.6992	-375.623	82.92378	1.414498	1.024622	1.584989
5646	-296.3519	-379.2323	82.88036	1.019574	0.7092985	2.128032
5652	-298.5994	-381.7586	83.15919	1.320899	0.7177914	1.728551
5658	-297.7171	-381.0371	83.31998	1.423874	0.9032338	1.372765
5664	-295.5944	-379.0515	83.45715	1.207419	0.4439496	1.885717
5670	-304.9777	-389.1276	84.1499	1.392186	0.4248295	1.264599
5676	-309.2064	-392.7345	83.52806	1.450005	1.082037	1.014286
5682	-303.072	-385.4447	82.3727	1.85844	2.350146	0.8884614
5688	-296.8961	-380.9511	84.05502	1.33493	0.7245754	0.9912833
5694	-302.4082	-385.7638	83.35557	1.410914	0.7171883	1.52216
5700	-302.8384	-386.1075	83.2691	1.099494	0.5999311	1.916018
5706	-292.3044	-375.9955	83.69114	1.609079	0.728492	1.073513
5712	-288.859	-372.9729	84.11389	1.598195	0.3890835	1.178336
5718	-301.926	-385.57	83.64393	1.638041	0.5057677	1.360931
5724	-298.3224	-381.1171	82.79463	1.395697	1.453717	1.420603
5730	-302.5449	-386.9304	84.38552	1.173387	0.350433	1.369307
5736	-305.3976	-388.6203	83.22271	1.470477	0.8369532	1.468615
5742	-297.469	-381.5924	84.12348	1.036215	0.4552171	1.520486
5748	-302.9389	-386.8391	83.90017	1.721966	0.4612491	1.139936
5754	-307.6231	-390.9936	83.37052	1.582576	0.85908	1.242593
5760	-308.0739	-390.5946	82.52066	1.468122	0.7348424	2.048254
5766	-307.622	-391.0628	83.44086	0.944679	0.5364553	1.969235
5772	-316.3187	-398.6581	82.33936	1.120405	0.5364553	2.564107
5778	-308.839	-392.5971	83.75804	1.124558	0.7453277	1.407051
5784	-307.0969	-390.1022	83.00527	1.907478	1.346464	0.8355662
5790	-305.4047	-389.1865	83.7818	1.360497	0.6946021	1.250609
5796	-294.9499	-378.0421	83.09218	1.540663	1.209121	1.223113
5802	-294.2975	-377.6958	83.39837	1.155348	1.080528	1.381751
5808	-293.9148	-377.862	83.9472	1.479306	0.7007717	0.9852289
5814	-304.4134	-388.9233	84.50986	1.466821	0.3569669	0.9928326
5820	-299.6729	-383.0898	83.41698	1.55275	0.7303357	1.353455
5826	-299.5732	-382.8694	83.29626	1.532677	0.7927628	1.403963
5832	-299.8435	-383.6504	83.80682	1.640978	0.6295172	1.058644
5838	-294.9336	-378.5053	83.5717	1.73079	1.062712	0.5921635
5844	-306.9277	-390.7483	83.82066	1.379415	0.4388485	1.512179
5850	-303.9669	-387.4907	83.52377	1.734461	0.7144635	1.128342
5856	-296.1957	-380.0705	83.8748	2.187413	0.4609857	0.5953069
5862	-293.4444	-377.8609	84.41643	2.012979	0.2870089	0.5396822
5868	-294.6767	-379.3168	84.64006	1.790366	0.2870089	0.5321333
5874	-299.6304	-383.5273	83.89688	1.715825	0.6675594	0.825896
5880	-305.1683	-388.6672	83.4989	1.792851	0.8077985	0.9879974
5886	-300.3874	-384.2138	83.82639	1.388239	0.6173654	1.277965
5892	-299.3693	-382.2892	82.9199	1.699436	0.9755636	1.410765
5898	-296.9476	-380.3201	83.37254	1.338495	0.5803908	1.699094
5904	-308.7538	-391.2716	82.51783	1.255114	1.669831	1.617089
5910	-301.874	-385.4114	83.53734	1.441614	0.9461093	1.139256
5916	-306.359	-390.3529	83.99388	1.520617	0.4087096	1.31184
5922	-313.2519	-396.8682	83.6163	1.660487	0.8036378	1.007888
5928	-302.5917	-386.1778	83.58609	1.320965	0.8036378	1.332265
5934	-301.5405	-385.2887	83.74818	1.858066	0.4799833	1.125239
5940	-305.9746	-390.0807	84.10604	1.633413	0.6457819	0.6806486
5946	-304.9949	-388.7576	83.76266	1.99163	0.6457819	0.3744794
5952	-303.3581	-387.1256	83.76751	1.602782	0.9463179	0.6998338
5958	-299.4437	-384.2997	84.85603	1.694757	0.2172693	0.6998338
5964	-304.5567	-388.8259	84.26926	1.694435	0.529798	0.5048301
5970	-300.4639	-383.4677	83.00383	1.788899	1.099957	1.169952
5976	-303.5459	-386.7682	83.22238	1.800903	1.383786	0.5998656
5982	-301.1751	-385.241	84.06593	1.350337	0.5633341	1.174814
5988	-305.2342	-388.4304	83.19619	1.831159	1.212723	0.831101
5994	-308.3654	-391.7119	83.34656	1.718548	1.088478	0.9177067
6000	-305.6186	-389.7537	84.13517	1.677943	0.4409678	0.9939284
6006	-318.0699	-401.6083	83.53845	1.611243	0.5751417	1.379497
6012	-292.3298	-375.2844	82.9546	1.584653	1.292451	1.242647
6018	-298.3076	-381.2153	82.90768	1.100919	0.9432265	1.875068
6024	-308.3989	-391.259	82.86002	0.9195816	0.9432265	2.029022
6030	-305.5373	-388.4782	82.94089	1.445406	1.497011	1.23754
6036	-309.1189	-392.5752	83.45629	1.734215	0.9573695	0.9216615
6042	-304.2614	-388.2685	84.00711	1.361701	0.4821236	1.323149
6048	-296.354	-379.7263	83.3723	1.584017	1.204106	0.922539
6054	-310.3869	-392.6649	82.27805	2.251489	2.140535	0.59465
6060	-301.6965	-385.5741	83.87754	1.690882	0.5847243	1.004265
6066	-297.8542	-381.5227	83.66852	1.624968	0.9034822	0.8694573
6072	-302.8048	-385.1075	82.30275	2.025975	1.628471	1.207106
6078	-294.4539	-378.041	83.58704	1.64207	0.990745	0.8373929
6084	-296.1736	-379.3523	83.17874	1.154987	1.049811	1.57038
6090	-297.9936	-382.5114	84.5178	0.9154431	0.3689363	1.437181
6096	-300.9461	-384.6547	83.70856	1.251205	0.6822981	1.409935
6102	-300.6136	-384.1045	83.49086	1.197589	0.9007048	1.418061
6108	-297.8466	-381.1436	83.29701	1.372842	0.9180324	1.418061
6114	-293.404	-377.3837	83.97965	1.389819	0.4322897	1.39207
6120	-295.2379	-379.7528	84.51491	1.458692	0.3711065	0.9663311
6126	-302.028	-385.9586	83.93064	1.847582	0.6046222	0.7148086
6132	-312.387	-395.7084	83.32148	1.776791	0.764562	1.213287
6138	-318.339	-401.5561	83.21702	1.442416	0.6444559	1.670483
6144	-310.536	-393.6551	83.11912	1.496957	1.690267	0.8901582
6150	-302.5512	-385.4968	82.94565	2.362265	1.056347	0.4162479
6156	-291.604	-374.9738	83.3698	1.712205	1.056347	0.9324902
6162	-289.9533	-373.7027	83.74941	1.611799	0.7637882	0.9708138
6168	-285.9609	-369.7546	83.79369	1.644319	0.7637882	0.8876266
6174	-292.7422	-375.0647	82.32252	1.644319	2.440395	1.108124
6180	-287.7571	-371.4866	83.72946	1.32453	0.9078579	1.108124
6186	-304.6852	-387.7553	83.07006	1.133553	0.7242241	1.913525
6192	-299.1647	-382.7244	83.55966	1.20027	0.4598134	1.800976
6198	-302.2761	-386.5888	84.31273	1.311697	0.3140156	1.380257
6204	-288.0512	-372.2887	84.23755	1.292103	0.5327647	1.11626
6210	-294.346	-377.7458	83.39984	1.557539	0.9921824	1.11626
6216	-295.3912	-378.4804	83.08923	1.666518	1.610482	0.7840867
6222	-312.8603	-395.7237	82.86346	1.338678	0.6613001	1.970096
6228	-319.4267	-403.2578	83.83103	1.55557	0.4749353	1.318695
6234	-303.5393	-387.1937	83.65443	1.489452	0.6523077	1.295918
6240	-300.7825	-383.7502	82.96776	1.578674	0.7938773	1.614376
6246	-296.7746	-380.1888	83.41428	1.297302	0.7938773	1.492585
6252	-298.6959	-382.4902	83.79426	1.645811	0.7938773	0.8422379
6258	-295.2445	-379.8124	84.56788	1.564514	0.3731978	0.773586
6264	-297.5658	-381.9657	84.39984	1.542533	0.3523133	1.03625
6270	-295.0249	-378.9432	83.91823	1.608174	0.8151279	0.6784629
6276	-301.4076	-386.0194	84.61179	1.608174	0.3475467	0.7213734
6282	-301.3344	-385.3023	83.96795	1.515755	0.5621476	1.116576
6288	-298.0212	-381.8659	83.84472	1.582	0.6004619	1.116576
6294	-294.6919	-378.4833	83.79134	0.9496031	0.6460669	1.610261
6300	-290.1152	-374.2894	84.17416	1.513699	0.4189514	1.149434
6306	-294.3723	-377.4103	83.03799	1.645518	1.043676	1.306454
6312	-289.8828	-372.7514	82.86854	1.363457	1.766266	1.21117
6318	-295.9431	-378.8363	82.89316	1.371233	0.8433271	1.773783
6324	-290.4383	-373.9747	83.53636	1.403659	0.774511	1.333678
6330	-301.2356	-383.9312	82.69565	1.060447	2.522686	1.255634
6336	-300.2556	-384.2133	83.95772	1.155488	0.7225541	1.244804
6342	-299.1933	-382.568	83.3747	1.409046	0.9704669	1.284144
6348	-290.6805	-374.3407	83.66026	1.257003	0.7891561	1.337818
6354	-291.0047	-374.0028	82.99808	1.30178	0.8693542	1.728517
6360	-295.5645	-378.8824	83.31797	1.866251	1.015795	0.8615851
6366	-299.263	-382.7455	83.48249	1.408038	0.84248	1.309436
6372	-299.4916	-383.2889	83.79725	1.371966	0.828828	1.082929
6378	-298.1204	-381.3557	83.2353	1.483739	1.294972	1.082929
6384	-296.394	-380.3225	83.92855	1.270305	0.8448433	1.037575
6390	-292.5557	-375.9334	83.37773	1.278137	1.175811	1.2283
6396	-294.1301	-376.5025	82.37243	1.438548	1.291416	1.789581
6402	-296.8958	-378.881	81.98525	1.341063	1.175317	2.180184
6408	-295.7432	-378.755	83.01184	1.322187	1.175317	1.483989
6414	-297.1446	-380.9409	83.79635	1.698491	0.7043355	0.9078484
6420	-297.9518	-380.7552	82.8034	1.408442	0.7043355	1.925205
6426	-294.4992	-378.4172	83.91792	1.781067	0.7043355	0.5919383
6432	-293.1203	-376.9046	83.78421	1.867974	0.6897219	0.7290343
6438	-293.0676	-377.5628	84.49524	1.512105	0.4409477	0.7676886
6444	-302.0162	-385.8455	83.82935	1.732376	0.4686618	1.181681
6450	-299.761	-383.3856	83.62461	1.591821	0.9587092	0.8911959
6456	-303.032	-387.3159	84.28393	1.438312	0.5322464	0.9280428
6462	-303.7382	-388.1142	84.37601	1.619525	0.4783463	0.680616
6468	-298.8483	-383.3022	84.45388	1.753554	0.3647758	0.680616
6474	-301.6502	-385.7613	84.11107	1.800834	0.4699859	0.8270095
6480	-298.8593	-383.0774	84.21803	1.359296	0.3478034	1.359152
6486	-300.022	-384.0503	84.02833	1.784751	0.6127941	0.6217939
6492	-296.4879	-380.6214	84.13348	1.913222	0.4644622	0.6217939
6498	-298.9095	-383.052	84.14246	1.972126	0.4265678	0.6217939
6504	-303.2393	-387.1295	83.89023	2.17946	0.4343919	0.6867474
6510	-302.7682	-385.9743	83.20609	1.553872	0.4343919	1.832289
6516	-302.2936	-385.909	83.61537	1.722692	0.3818584	1.48973
6522	-302.9246	-386.4532	83.52861	1.649539	0.6495542	1.270942
6528	-303.3835	-385.9464	82.56289	1.119462	0.646978	2.321928
6534	-302.8945	-385.815	82.92048	0.8510991	0.646978	2.264879
6540	-294.7416	-378.2624	83.5208	1.390408	0.5877094	1.54655
6546	-285.9826	-369.9055	83.92289	1.423027	0.5247131	1.284864
6552	-295.5745	-379.2964	83.72181	1.434869	0.5586098	1.393604
6558	-294.6475	-378.0745	83.42695	1.62708	1.002982	1.014949
6564	-297.9505	-382.1186	84.16806	1.767264	0.5418683	0.5717275
6570	-298.8213	-382.65	83.82871	1.906334	0.6744998	0.6018069
6576	-296.3054	-380.0732	83.76782	1.680403	0.639344	1.045163
6582	-297.2747	-380.7811	83.50637	1.693832	0.9709587	0.8953414
6588	-294.6865	-378.1607	83.47429	1.588517	1.112507	0.8953414
6594	-295.2796	-378.4459	83.16632	1.509342	1.260074	1.148517
6600	-298.7277	-381.5078	82.78007	1.588598	1.736478	1.108034
6606	-294.4141	-378.0391	83.62499	1.427216	0.9096123	1.108034
6612	-298.7435	-382.5629	83.81939	1.56235	0.6314627	1.117252
6618	-290.2799	-374.131	83.85112	1.474433	0.5553624	1.262093
6624	-294.5572	-378.3706	83.81343	1.820059	0.7604261	0.5738323
6630	-298.7167	-381.8416	83.12487	2.387858	0.8496592	0.3948559
6636	-301.3976	-385.3636	83.96607	1.884713	0.5893198	0.6122742
6642	-304.062	-387.3987	83.33671	1.851239	0.8491394	1.043393
6648	-302.866	-386.6957	83.82967	1.807169	0.3738192	1.267696
6654	-297.3683	-381.0691	83.70085	1.663298	0.7676497	0.9629029
6660	-296.6299	-380.6226	83.99266	1.615374	0.7347298	0.7064646
6666	-304.9587	-388.4048	83.44606	2.211756	0.7347298	0.4122266
6672	-304.3725	-388.0034	83.63098	1.743962	0.7347298	0.99348
6678	-301.9549	-385.9019	83.94698	1.249539	1.042757	0.8135766
6684	-299.0594	-382.9961	83.93676	1.706139	0.7076481	0.7058229
6690	-302.1974	-386.2297	84.03229	1.251204	0.7076481	1.113454
6696	-301.2663	-384.471	83.20467	1.182029	0.7076481	1.80278
6702	-302.8308	-386.073	83.24218	1.182029	1.081296	1.480743
6708	-305.4937	-388.8841	83.3904	1.594605	0.8156031	1.257355
6714	-309.7226	-393.8485	84.1259	2.14784	0.3582395	0.5021866
6720	-310.1788	-393.7721	83.59334	1.461502	0.7085752	1.307513
6726	-304.771	-388.7516	83.98057	1.594336	0.7085752	0.8048856
6732	-304.9092	-388.5255	83.61633	1.4931	0.7626036	1.205815
6738	-312.283	-395.687	83.40404	1.459163	0.9164231	1.265217
6744	-307.336	-390.0807	82.74462	1.376205	1.420586	1.492667
6750	-303.8993	-387.6123	83.71308	1.640864	0.8985865	0.8006472
6756	-296.9418	-380.8997	83.95786	1.051179	0.7188113	1.333795
6762	-298.1216	-382.5576	84.436	1.287093	0.4352415	1.09047
6768	-300.3673	-382.8911	82.5238	1.488837	1.073953	1.782823
6774	-306.1359	-389.4292	83.29332	1.244817	1.207188	1.302899
6780	-299.5562	-381.9694	82.41324	1.589278	2.046375	1.260413
6786	-304.8142	-388.1916	83.37749	1.679286	1.35513	0.5601921
6792	-302.4909	-386.3136	83.82267	1.983313	0.6081943	0.6535526
6798	-305.2896	-389.6017	84.31213	1.902366	0.3614747	0.354913
6804	-297.994	-380.7431	82.74914	2.508988	1.084791	0.3736599
6810	-301.618	-384.3978	82.77977	1.747464	1.543383	1.083984
6816	-299.0863	-382.7062	83.61987	1.612284	0.8984055	0.9439884
6822	-300.6801	-383.776	83.09592	1.539439	0.9060603	1.454358
6828	-296.9106	-379.3218	82.4112	1.654972	1.05363	1.759042
6834	-299.3369	-382.3345	82.99752	1.747044	1.425274	0.9564722
6840	-288.6243	-372.2789	83.65457	1.715276	0.7657186	0.9594143
6846	-305.7814	-389.2508	83.46942	2.079402	0.7657186	0.7402731
6852	-292.6111	-376.6192	84.00802	1.7383	0.6292817	0.7093663
6858	-290.8185	-373.7898	82.97124	1.738925	1.602728	0.8498409
6864	-295.4496	-379.0917	83.64206	1.60002	0.4068461	1.525158
6870	-289.2196	-372.5908	83.37122	1.166498	0.9487745	1.494041
6876	-292.418	-376.3106	83.89262	1.550576	0.5829148	1.124969
6882	-289.5562	-373.0949	83.53868	1.566135	0.6422127	1.338601
6888	-300.7482	-384.7945	84.04629	1.615759	0.5636933	0.9403336
6894	-296.2161	-380.7857	84.56962	1.565751	0.3280602	0.8893635
6900	-297.5038	-382.4751	84.97125	1.514358	0.214643	0.8080955
6906	-292.1135	-376.017	83.90358	1.316537	0.6485228	1.237216
6912	-299.0982	-382.6303	83.5321	1.680232	0.7851731	1.090421
6918	-309.8748	-392.1312	82.25638	1.5717	3.072489	0.9633215
6924	-307.0722	-389.9811	82.90892	1.297217	1.653173	1.295136
6930	-299.6458	-383.3707	83.72486	1.210138	1.160415	0.9854212
6936	-306.5005	-388.9517	82.45122	1.210138	1.667023	1.698343
6942	-305.7372	-389.7103	83.97317	1.122821	0.9669097	1.009541
6948	-300.8611	-384.0299	83.16884	1.515613	1.225259	1.166779
6954	-296.0471	-379.171	83.12394	1.556458	1.393005	1.045472
6960	-300.8264	-383.4327	82.60627	1.301425	2.055653	1.333251
6966	-295.1475	-379.0212	83.87369	1.337486	0.5425261	1.370377
6972	-300.3282	-382.882	82.55378	0.97832	1.44153	1.899593
6978	-304.6181	-387.1117	82.49367	1.457933	1.142407	1.781201
6984	-308.5206	-392.3766	83.85593	1.397035	0.6540681	1.202945
6990	-299.4511	-382.6362	83.18517	1.900288	1.166166	0.8089813
6996	-301.0035	-385.1021	84.09857	2.166529	0.2772173	0.8757531
7002	-297.3928	-381.4754	84.08262	1.951915	0.4713302	0.6224953
7008	-296.1109	-379.8381	83.72711	1.806124	0.4940399	1.168974
7014	-292.7442	-376.5235	83.77935	1.586686	0.9364043	0.7243897
7020	-291.7085	-375.3983	83.68982	1.882711	0.6940321	0.8322288
7026	-296.7494	-379.5176	82.76827	1.279599	0.922856	1.862908
7032	-290.938	-374.1072	83.16926	1.37961	0.8173543	1.592578
7038	-290.4346	-374.0561	83.62149	1.3892	0.8021897	1.249056
7044	-285.8643	-368.996	83.13163	1.50127	0.8148109	1.532968
7050	-285.6285	-368.4217	82.79323	1.413424	1.190045	1.569059
7056	-294.071	-377.1621	83.09103	1.75748	1.420127	0.8438016
7062	-294.5303	-377.1262	82.59587	1.779632	1.900099	1.003158
7068	-296.1307	-379.8871	83.75641	1.779632	0.5529994	1.081417
7074	-299.2776	-380.4613	81.18374	1.158508	1.431971	2.667995
7080	-297.1098	-380.2465	83.13667	1.302409	0.7833612	1.700236
7086	-299.0106	-382.8586	83.84805	0.9835181	0.5023557	1.700236
7092	-295.739	-379.4668	83.7278	1.253424	0.5473191	1.539961
7098	-300.0939	-383.8464	83.75257	1.661699	0.8989258	0.7107602
7104	-297.2956	-380.9222	83.62657	1.762431	0.8989258	0.7507912
7110	-298.0958	-381.8274	83.73155	1.612387	0.6271088	1.156458
7116	-304.6667	-388.0697	83.40303	1.304865	0.3233499	2.017978
7122	-295.7567	-378.8881	83.13139	1.422276	1.060029	1.397009
7128	-299.2954	-382.4665	83.17107	1.682211	1.349021	0.9032013
7134	-298.5844	-382.9113	84.32688	1.790042	0.4229451	0.6325731
7140	-294.3071	-378.2328	83.92569	1.605375	0.6499984	0.9471435
7146	-292.8586	-376.2324	83.37387	1.851622	1.097697	0.6921941
7152	-298.5958	-380.9941	82.39837	1.101985	1.701075	1.79513
7158	-299.8848	-384.2898	84.40498	1.473995	0.4494546	0.9084094
7164	-302.438	-384.9592	82.5212	0.8136115	1.083966	2.2286
7170	-299.7441	-383.5808	83.83669	1.310103	0.7235251	1.215473
7176	-296.2287	-380.0393	83.81062	1.51491	0.5671867	1.247132
7182	-295.6169	-379.1646	83.54766	1.402891	0.877213	1.227808
7188	-312.3018	-396.2227	83.92097	1.494657	0.5188049	1.234926
7194	-301.3771	-383.0963	81.71929	1.778447	3.827343	1.006959
7200	-308.3257	-390.4507	82.12507	1.488829	3.289632	1.086606
7206	-302.4581	-385.6967	83.23865	1.450981	0.9458828	1.37982
7212	-313.591	-396.4716	82.88055	1.005958	0.7476944	2.105046
7218	-309.972	-392.6066	82.63462	1.0585	0.989153	2.055081
7224	-309.4073	-392.8159	83.40864	2.297132	0.6717885	0.356608
7230	-316.213	-400.4078	84.19479	2.269931	0.2668725	0.41323
7236	-306.3174	-390.8532	84.53583	1.869799	0.2830232	0.6472458
7242	-311.8075	-396.2785	84.47096	1.672805	0.3919769	0.6974379
7248	-306.2002	-390.1225	83.92232	1.974144	0.5164803	0.7410033
7254	-305.5038	-389.3493	83.84553	2.089989	0.5474218	0.4834765
7260	-305.9905	-389.3576	83.36704	2.146218	0.8091183	0.7142412
7266	-295.7454	-379.3659	83.62054	2.137454	0.6631027	0.5766127
7272	-306.1949	-389.5484	83.35351	1.463791	0.8784624	1.33595
7278	-306.4338	-389.844	83.41018	1.839732	0.8784624	0.9482592
7284	-302.2008	-385.6959	83.49513	1.600719	0.9768706	0.9995542
7290	-301.7421	-385.3603	83.61822	1.466198	0.5409145	1.470161
7296	-297.9622	-381.99	84.02774	1.60348	0.5335172	1.019585
7302	-305.0412	-388.1826	83.1414	1.540837	0.6323006	1.666276
7308	-294.1928	-376.9524	82.7596	2.04446	1.603289	0.7193357
7314	-296.8153	-380.8124	83.99707	2.162503	0.4043356	0.6133282
7320	-307.0307	-390.543	83.51227	2.234048	0.6721319	0.5747833
7326	-308.7279	-391.0142	82.28624	1.655818	3.093029	0.8238789
7332	-287.568	-371.228	83.66002	1.704714	0.6491179	1.110454
7338	-290.3642	-373.7573	83.39309	1.535769	0.7054015	1.410436
7344	-297.8051	-382.0941	84.289	1.35533	0.5047426	1.051729
7350	-298.6239	-383.0302	84.4063	1.501843	0.3597059	1.054294
7356	-301.7256	-384.5331	82.80746	1.900941	1.652758	0.8086227
7362	-295.4347	-379.8958	84.46113	1.65685	0.3675995	0.8086227
7368	-292.7816	-376.2359	83.45433	1.612346	1.073092	0.9317927
7374	-301.2812	-385.3128	84.03161	1.696922	0.5604347	0.8716558
7380	-303.2528	-386.6932	83.44042	1.574636	0.7374247	1.310033
7386	-301.6472	-385.2566	83.60943	1.517714	0.7374247	1.217262
7392	-303.249	-387.4926	84.2436	1.701948	0.3815702	0.9736003
7398	-302.8424	-386.7085	83.86613	1.578776	0.6953887	0.9736003
7404	-296.4115	-379.7082	83.29667	1.387078	0.6953887	1.60372
7410	-298.1717	-380.3292	82.15749	1.351642	1.12074	2.092954
7416	-302.6523	-384.2859	81.63362	1.387207	0.6494777	2.732358
7422	-303.7409	-385.8109	82.06993	1.352412	1.394436	1.997713
7428	-308.1899	-391.5216	83.33168	1.623174	1.468097	0.6114603
7434	-311.3028	-395.094	83.79115	2.02013	0.628829	0.5497573
7440	-310.3838	-393.0241	82.64023	1.573314	1.974853	1.114098
7446	-312.313	-395.519	83.20602	1.371362	0.9099525	1.495052
7452	-303.2577	-385.565	82.3073	1.527279	2.368248	1.25464
7458	-297.8714	-381.725	83.85362	1.527279	0.7499364	0.9680655
7464	-311.74	-394.8076	83.06756	1.890045	1.482283	0.5675197
7470	-300.6794	-383.3558	82.67639	1.319432	2.037429	1.270217
7476	-307.2966	-389.7839	82.48722	1.366019	1.865224	1.464034
7482	-300.8396	-383.6843	82.84469	1.049855	0.9147822	1.972438
7488	-305.9949	-387.165	81.17012	1.514624	1.87685	2.262277
7494	-303.6747	-386.7915	83.11686	1.338161	0.7013291	1.760984
7500	-304.2314	-387.5375	83.30602	1.045617	0.7842373	1.760984
7506	-300.0872	-382.8049	82.71764	1.119278	0.7842373	2.108364
7512	-298.4858	-381.2182	82.73245	1.327716	0.8947283	1.875139
7518	-294.3955	-378.7151	84.31966	1.00683	0.327715	1.582228
7524	-294.7636	-378.4917	83.72809	1.273637	0.3459786	1.785229
7530	-293.1506	-376.3666	83.21602	1.34905	0.5863147	1.795194
7536	-292.869	-376.7122	83.84319	1.292947	0.6128443	1.346596
7542	-305.4009	-389.1642	83.76326	1.176321	0.761554	1.346596
7548	-293.0548	-376.7678	83.71305	1.258281	0.4633866	1.647673
7554	-293.6081	-376.7395	83.13139	1.187834	0.7438482	1.817692
7560	-293.4847	-377.3833	83.89858	1.633393	0.571659	1.058575
7566	-296.5613	-380.7215	84.16023	1.388419	0.3229772	1.423542
7572	-296.6851	-380.1951	83.50998	1.357688	0.8899296	1.285063
7578	-300.9826	-384.8387	83.85612	1.263096	0.6804604	1.285063
7584	-303.7224	-387.4373	83.71482	1.244442	0.7810545	1.31187
7590	-296.5309	-379.6954	83.16446	1.187503	0.5209041	2.008177
7596	-297.6013	-380.4861	82.88484	1.320847	0.5209041	2.104816
7602	-301.8826	-386.1003	84.2177	1.912733	0.4210963	0.6064509
7608	-288.6639	-372.2055	83.54154	1.727209	0.9680851	0.816371
7614	-297.5453	-380.5641	83.01883	1.589451	1.32175	1.163098
7620	-306.7822	-389.4125	82.63026	2.030901	1.913159	0.4148338
7626	-307.4242	-389.7523	82.32807	1.903251	2.693789	0.6417435
7632	-306.628	-390.7692	84.14128	1.714014	0.4643217	0.9056324
7638	-310.5564	-394.2512	83.69486	1.899449	0.4643217	1.159813
7644	-293.2481	-376.9007	83.6526	1.424616	0.8163498	1.178385
7650	-299.2605	-382.1271	82.8666	1.126067	1.177474	1.730577
7656	-316.1322	-399.7554	83.62313	1.592928	0.6056778	1.290523
7662	-309.1533	-392.2011	83.04773	1.250319	0.6056778	1.957954
7668	-311.2113	-395.2798	84.06855	1.368698	0.2773833	1.586613
7674	-308.4457	-391.6952	83.24951	1.465578	1.130308	1.212761
7680	-297.8212	-380.9065	83.08526	1.291359	1.135305	1.478928
7686	-303.0193	-385.6888	82.6695	1.274294	0.9225122	1.933805
7692	-299.6614	-383.9085	84.2471	1.656466	0.4703536	0.8366635
7698	-297.5669	-382.2362	84.66929	1.873713	0.2430442	0.5128929
7704	-297.3589	-381.6659	84.30699	1.808524	0.439775	0.4836957
7710	-300.8382	-385.2975	84.45929	1.968295	0.2764709	0.3866585
7716	-305.6521	-389.7378	84.08572	2.113132	0.3569065	0.3279258
7722	-317.0789	-400.5571	83.47812	2.192844	0.7115175	0.3809574
7728	-311.8688	-396.0271	84.15823	2.088471	0.3616118	0.6069999
7734	-305.226	-389.8435	84.61753	1.96092	0.2299874	0.4901613
7740	-296.6215	-380.2658	83.64427	2.130402	0.6504178	0.4286475
7746	-298.549	-382.5269	83.9779	2.016476	0.5041462	0.4300595
7752	-297.8487	-381.8448	83.99608	1.87207	0.5917684	0.4778918
7758	-301.3117	-385.0129	83.70123	1.378829	0.5917684	1.414519
7764	-300.5947	-384.0226	83.42789	1.334799	0.5846934	1.657755
7770	-298.9541	-382.4026	83.44857	1.403757	0.7416048	1.433989
7776	-300.3315	-383.8095	83.47798	1.764245	0.9757709	0.839933
7782	-300.8141	-384.7022	83.88807	1.41374	0.9310246	0.8233779
7788	-299.3664	-382.9401	83.57368	1.8174	0.9310246	0.6913683
7794	-299.3486	-382.9876	83.63901	1.742375	0.951755	0.6687183
7800	-293.0933	-376.0576	82.96428	1.78565	1.537238	0.8578785
7806	-300.6385	-383.9627	83.32419	1.502204	1.639956	0.6260325
7812	-300.4491	-383.8533	83.40416	2.04625	0.903883	0.6285514
7818	-296.2281	-379.8318	83.60368	1.916309	0.8180322	0.6841798
7824	-294.4218	-378.9405	84.51865	1.670256	0.3960189	0.5703479
7830	-307.2101	-391.3938	84.18372	1.783301	0.4081554	0.8948338
7836	-303.9689	-387.3946	83.42573	1.96911	0.9669586	0.5996069
7842	-302.8332	-386.1269	83.29374	1.957201	0.9845902	0.817662
7848	-306.2868	-388.1926	81.90583	1.448546	1.227857	2.132144
7854	-300.3417	-383.5363	83.1946	1.612144	0.8570317	1.363257
7860	-309.2933	-393.4683	84.17496	1.221137	0.879313	0.7716536
7866	-314.5325	-398.1169	83.58441	2.010276	0.7944906	0.5645286
7872	-306.3394	-389.9554	83.61597	1.943368	0.7521014	0.7496932
7878	-302.0685	-385.0368	82.96827	1.356655	0.5770742	1.968113
7884	-298.8467	-382.1329	83.28615	1.559792	1.177912	1.057449
7890	-303.7095	-387.8816	84.17208	1.297705	0.5801505	1.104586
7896	-295.9301	-379.228	83.29787	1.192753	1.104199	1.413629
7902	-291.7948	-374.7765	82.98164	1.284129	1.206809	1.514491
7908	-295.712	-378.5594	82.84744	1.260688	1.206809	1.630094
7914	-290.6644	-374.1827	83.51831	1.683354	0.7962763	1.088063
7920	-294.6794	-376.6277	81.94829	1.502429	1.668007	1.844648
7926	-288.7672	-370.432	81.66483	1.391417	1.153302	2.36591
7932	-292.3286	-375.2921	82.9635	1.737007	1.020681	1.310864
7938	-294.6255	-378.2763	83.6508	1.673823	0.8548554	0.8953048
7944	-298.9566	-382.7925	83.83597	1.348291	0.689295	1.221225
7950	-312.7472	-395.7884	83.04125	1.434344	0.7548806	1.698883
7956	-304.8925	-388.5048	83.6123	1.522447	0.6707812	1.282925
7962	-296.571	-381.3568	84.78578	1.381012	0.350222	0.791563
7968	-297.7973	-381.4611	83.66377	1.315298	0.7451789	1.331199
7974	-305.7949	-389.9812	84.18625	1.092478	0.5309561	1.331199
7980	-300.7836	-384.1317	83.34806	1.263619	1.086771	1.331199
7986	-300.8118	-382.9855	82.17374	1.549116	2.861378	1.149575
7992	-300.4011	-384.0803	83.67918	1.455019	0.9907017	0.9456772
7998	-298.8561	-382.243	83.38684	1.645546	1.095745	0.9456772
8004	-292.3306	-376.0141	83.68353	1.53284	1.095745	0.7112416
8010	-310.503	-393.3853	82.88237	2.566592	0.8593206	0.326945
8016	-303.9379	-386.8552	82.91728	2.412343	0.8613129	0.2486755
8022	-297.7972	-380.864	83.06685	2.64055	0.5519917	0.2365235
8028	-289.3134	-373.176	83.86263	2.248227	0.4328464	0.4115196
8034	-295.018	-378.7508	83.73274	2.248227	0.5155913	0.4491827
8040	-288.651	-372.8943	84.24336	2.003885	0.3654958	0.4278008
8046	-296.6333	-379.8258	83.19252	2.316552	0.7951665	0.3146097
8052	-295.4729	-379.2971	83.82425	1.936017	0.6693178	0.497788
8058	-290.8818	-374.9003	84.01848	1.98168	0.4832908	0.6546681
8064	-291.4695	-375.4643	83.99487	1.474115	0.7374533	0.8894413
8070	-293.3592	-376.7428	83.3836	1.989261	0.9813209	0.6199805
8076	-288.7738	-371.5357	82.76191	1.989261	1.501592	0.8867857
8082	-290.1657	-373.867	83.70137	1.377765	0.7092208	1.287069
8088	-292.9423	-374.5695	81.62722	1.377765	1.228271	2.35674
8094	-303.3711	-387.1275	83.75634	1.854605	0.5195578	1.060547
8100	-292.6798	-374.907	82.22721	1.421036	1.088147	2.021036
8106	-285.3467	-367.813	82.46632	1.551919	1.610551	1.465548
8112	-290.582	-374.3604	83.77835	1.37271	0.536198	1.424908
8118	-295.8047	-377.3826	81.57792	0.9467655	0.9475056	2.818592
8124	-300.6889	-383.4804	82.79146	1.67118	0.7781274	1.687981
8130	-293.6716	-376.9959	83.32437	0.9425943	0.5406095	2.043863
8136	-294.209	-377.5473	83.33836	1.75403	0.955301	1.024851
8142	-302.6366	-384.9912	82.35458	1.097969	0.7534474	2.37981
8148	-302.0417	-384.4799	82.43823	0.7578747	0.7534474	2.540755
8154	-301.9847	-385.4374	83.45267	1.043588	0.3626402	2.102286
8160	-300.9868	-384.9433	83.95647	1.132832	0.3626402	1.699384
8166	-301.1981	-384.355	83.15687	1.138564	0.8903953	1.715326
8172	-300.6788	-384.8113	84.13251	1.306368	0.5842136	1.127117
8178	-305.517	-389.5306	84.01358	1.179782	0.5040336	1.432171
8184	-302.5756	-386.2687	83.69306	1.890277	0.7934043	0.6076705
8190	-293.2255	-376.0409	82.81534	1.274385	0.8711026	1.87266
8196	-297.5083	-380.8745	83.3662	0.9215822	0.7328186	1.848802
8202	-303.7636	-387.0525	83.28888	1.542269	0.8231996	1.374372
8208	-305.9424	-389.572	83.62967	1.807609	0.4952837	1.249045
8214	-308.3286	-392.3086	83.97997	1.17145	0.4838849	1.489598
8220	-298.731	-383.1258	84.39479	1.461439	0.4838849	0.8660123
8226	-300.1389	-384.4405	84.30161	1.706391	0.4976819	0.5653218
8232	-302.8033	-386.4654	83.66213	1.646978	1.050231	0.6082014
8238	-297.3636	-381.2054	83.84175	1.555596	0.7716262	0.9224055
8244	-297.0161	-381.0115	83.99546	1.627971	0.6093454	0.9089245
8250	-296.6033	-380.4857	83.88241	1.714469	0.7978403	0.5280197
8256	-305.559	-387.4899	81.9309	1.580648	1.569777	1.849564
8262	-301.0562	-384.0514	82.99527	1.15459	0.6490528	2.016142
8268	-299.7853	-383.9513	84.16596	1.556831	0.5604729	0.8782861
8274	-311.4971	-396.079	84.58192	1.783202	0.236667	0.8807222
8280	-302.9688	-387.4253	84.45647	1.854962	0.236667	0.9402858
8286	-299.7896	-384.235	84.44537	1.822661	0.2530584	0.9402858
8292	-297.2738	-380.7851	83.51132	1.492579	0.3303345	1.80709
8298	-303.6125	-387.9411	84.32854	1.07949	0.3969007	1.413839
8304	-305.8714	-388.9116	83.04022	1.315156	1.181604	1.463631
8310	-301.7331	-385.1971	83.46396	1.415709	1.295844	0.921606
8316	-311.1765	-394.702	83.52544	1.279015	0.911856	1.317149
8322	-301.1934	-383.249	82.05566	2.589281	1.830577	0.3223586
8328	-296.1766	-378.5721	82.3955	2.104966	2.220288	0.4750022
8334	-292.2809	-376.0646	83.78369	2.091401	0.5868642	0.4750022
8340	-292.6225	-376.0864	83.46394	1.730592	0.9503713	0.9251739
8346	-297.8208	-381.106	83.28516	1.974856	1.115493	0.5664547
8352	-301.9194	-385.9563	84.03688	2.276324	0.2825629	0.2864745
8358	-301.838	-384.2919	82.45399	2.455065	1.46712	0.3373281
8364	-302.0696	-385.3519	83.28231	2.321597	0.678004	0.2769016
8370	-308.94	-392.9294	83.9894	2.032285	0.4930863	0.4704897
8376	-311.379	-395.4968	84.11779	2.077038	0.3880404	0.6030975
8382	-309.695	-392.7736	83.07857	2.164607	1.094875	0.3658533
8388	-309.0051	-392.5579	83.5528	2.401699	0.4897681	0.3309347
8394	-301.3772	-384.7531	83.37589	1.875713	1.118656	0.5871169
8400	-300.5112	-383.5956	83.08441	1.754294	1.626545	0.61816
8406	-295.7607	-378.4843	82.72358	2.043023	1.755491	0.4326235
8412	-293.6229	-377.2638	83.64088	2.013116	0.6538471	0.7963113
8418	-285.3274	-369.3877	84.06033	1.654947	0.5018625	0.986722
8424	-286.2049	-368.889	82.68413	1.623097	1.876459	1.082703
8430	-297.9258	-381.3664	83.44055	1.489469	1.062311	1.078236
8436	-291.6561	-375.3705	83.71443	1.298986	0.8679876	1.182809
8442	-304.9052	-387.3933	82.48806	2.436272	1.27746	0.2455403
8448	-302.4352	-385.3369	82.90167	2.395025	0.7826025	0.1988198
8454	-299.9848	-383.4323	83.44749	2.052427	0.7826025	0.2957261
8460	-296.5047	-379.4872	82.98247	2.059357	1.316259	0.3545441
8466	-299.6559	-382.9489	83.293	2.634621	0.4553	0.2673666
8472	-302.2074	-385.5045	83.29715	2.196606	0.8900044	0.5004004
8478	-300.2604	-383.8276	83.56725	1.627941	0.8900044	0.9916767
8484	-299.2454	-382.2274	82.98202	1.224771	1.510954	1.374768
8490	-303.0773	-386.272	83.19476	1.270385	1.20256	1.364506
8496	-304.3789	-387.864	83.48506	1.012522	0.9171789	1.548721
8502	-293.3682	-376.2511	82.88281	1.016732	1.621441	1.548721
8508	-298.1124	-380.6034	82.49102	1.13339	1.182203	1.979919
8514	-300.9106	-384.1457	83.23514	1.199176	1.058545	1.489421
8520	-305.3379	-388.5612	83.2233	1.435948	0.7665733	1.555954
8526	-303.1523	-385.905	82.75266	1.517518	1.73452	1.196201
8532	-299.0392	-382.0658	83.0265	1.454813	1.331429	1.264449
8538	-296.3571	-379.1002	82.74315	1.579252	1.331429	1.391937
8544	-294.9619	-378.1971	83.23524	1.592947	0.788119	1.408836
8550	-292.6302	-375.9844	83.35424	1.467112	0.788119	1.414126
8556	-298.3735	-381.4864	83.11297	1.590059	1.410815	1.010021
8562	-299.4483	-383.2721	83.82377	1.167768	0.9831876	1.093351
8568	-306.1882	-390.1321	83.94389	0.9959742	0.9831876	1.140137
8574	-302.7406	-386.8304	84.08981	1.603632	0.5818863	0.8749167
8580	-301.3966	-384.3732	82.9766	2.029907	1.341934	0.7068577
8586	-299.141	-382.9668	83.8258	1.550394	0.7486203	0.9745973
8592	-303.8009	-386.006	82.20513	1.550394	3.043545	1.047572
8598	-308.3114	-391.3748	83.06346	1.433387	1.22293	1.32526
8604	-305.9913	-389.1416	83.15024	1.197343	0.8627143	1.700045
8610	-298.5918	-382.3486	83.75683	1.332448	0.7613077	1.224291
8616	-299.6035	-382.4611	82.85764	1.054836	1.101676	1.834063
8622	-289.9038	-373.8254	83.92158	1.374299	0.7471924	1.055524
8628	-297.4693	-381.1996	83.73027	1.474852	0.7793045	1.103517
8634	-304.2442	-387.2418	82.99767	1.832776	0.6142282	1.577622
8640	-305.7333	-390.0058	84.27254	1.638481	0.4978643	0.7647132
8646	-300.4743	-384.0942	83.61992	1.359494	0.5174697	1.57607
8652	-301.7761	-385.8113	84.03523	1.389675	0.4988716	1.254389
8658	-296.7195	-380.7875	84.068	1.356901	0.4988716	1.254389
8664	-297.429	-379.671	82.24202	1.336493	0.8303506	2.241041
8670	-292.7182	-376.4362	83.71794	1.388468	0.565632	1.424281
8676	-294.6594	-378.7486	84.08919	1.426115	0.4977416	1.179232
8682	-308.3503	-391.1766	82.82627	1.297028	0.77613	1.924398
8688	-314.5004	-396.9832	82.48279	1.766898	2.056126	1.035984
8694	-296.0649	-380.068	84.00309	1.563027	0.4256583	1.243349
8700	-287.6351	-371.0828	83.44761	1.537776	1.044415	1.042126
8706	-290.9842	-373.8837	82.89951	1.879073	1.677548	0.6743442
8712	-289.2142	-373.4365	84.22225	1.785431	0.4723819	0.6769424
8718	-287.8319	-370.9238	83.09189	2.076832	1.227315	0.4919415
8724	-295.7301	-379.2627	83.53258	1.700435	1.011015	0.8065523
8730	-289.3798	-372.5935	83.21375	1.59123	1.037099	1.210952
8736	-297.5599	-381.5321	83.97223	1.932834	0.557156	0.4158026
8742	-303.1433	-386.5526	83.40936	1.520538	0.6488076	1.467467
8748	-301.8775	-385.8504	83.97295	1.137594	0.7544008	1.213453
8754	-302.7961	-386.61	83.81387	1.521436	0.6523387	1.133019
8760	-292.6094	-376.1911	83.5817	1.276473	0.5359028	1.642702
8766	-298.1328	-382.2016	84.06883	1.178797	0.6614174	1.198949
8772	-301.5747	-385.656	84.08132	0.8759269	0.7704343	1.323821
8778	-308.1557	-391.5637	83.40797	1.617143	1.360848	0.6415898
8784	-304.4853	-388.5243	84.039	2.020892	0.4279968	0.723731
8790	-301.2975	-383.7097	82.4122	1.310351	1.260707	1.868005
8796	-295.3652	-379.5672	84.20199	1.33696	0.4340375	1.253176
8802	-299.5566	-381.7335	82.17685	1.410785	1.564479	1.799744
8808	-302.3534	-386.6658	84.31236	1.152076	0.4707015	1.261078
8814	-297.2819	-381.6845	84.40267	1.373809	0.3914268	1.117202
8820	-292.5819	-376.3792	83.79732	1.333913	0.5440396	1.430713
8826	-293.9584	-376.7408	82.78242	1.516314	1.425532	1.352525
8832	-298.7636	-381.4189	82.65524	1.73911	1.100954	1.489372
8838	-294.4458	-378.9192	84.4734	1.396038	0.3849071	1.042561
8844	-295.2257	-379.1383	83.91262	1.452728	0.4907402	1.314244
8850	-294.9232	-378.7845	83.86124	1.960293	0.6164946	0.580968
8856	-297.8331	-381.3814	83.54828	1.914846	0.4762044	1.254323
8862	-295.6392	-379.0515	83.41234	1.498025	1.423826	0.7575377
8868	-288.8783	-373.1143	84.23599	1.795893	0.4312911	0.7575377
8874	-295.3082	-379.3358	84.02765	1.968917	0.4896834	0.6388265
8880	-298.1679	-382.513	84.34517	1.968917	0.338051	0.46637
8886	-299.816	-383.4839	83.66785	2.117783	0.6422127	0.4276197
8892	-288.8678	-372.5526	83.68484	1.788823	0.7344006	0.8884748
8898	-292.0328	-375.4105	83.37767	1.51781	0.7344006	1.407653
8904	-296.3415	-379.2514	82.90998	1.48105	1.267445	1.379294
8910	-298.2644	-381.4604	83.19597	1.49873	0.99514	1.335937
8916	-299.0537	-382.6168	83.56307	1.583065	0.99514	0.9280883
8922	-299.2648	-382.4937	83.2289	1.538502	1.280232	1.048846
8928	-294.5705	-378.7928	84.22233	0.9710997	0.523411	1.407856
8934	-299.7176	-382.8838	83.16621	1.045073	1.09143	1.630665
8940	-291.9405	-375.5531	83.61255	1.266035	1.09143	1.100319
8946	-291.7163	-375.2398	83.52356	1.351919	0.8051849	1.355956
8952	-300.8401	-384.872	84.03188	1.578158	0.6389893	0.876518
8958	-296.2015	-380.2514	84.04989	1.578158	0.6391309	0.8549651
8964	-300.8471	-384.6375	83.79033	1.673567	0.6391309	1.030323
8970	-299.7121	-383.8179	84.1058	1.943297	0.4565735	0.6486219
8976	-308.4529	-392.4994	84.04651	1.31335	0.3445427	1.530812
8982	-308.972	-392.4615	83.48951	1.864577	0.5639473	1.227284
8988	-295.3712	-377.7979	82.42669	1.415497	0.7956002	2.096028
8994	-288.8428	-372.3577	83.51487	1.785828	0.7295785	1.071776
9000	-286.8502	-370.3541	83.50389	1.580293	0.7160725	1.275713
9006	-284.7805	-368.6104	83.82988	1.247612	0.7160725	1.281205
9012	-287.2447	-371.257	84.01229	1.231617	0.7160725	1.139306
9018	-288.1793	-372.3158	84.13645	1.667613	0.5210019	0.855262
9024	-289.1347	-372.3088	83.17418	1.299544	0.634531	1.810474
9030	-287.6268	-371.1781	83.55132	1.281752	1.066151	1.162509
9036	-295.2176	-378.2465	83.02895	1.539111	0.494385	1.892036
9042	-289.9527	-373.1864	83.23368	1.444738	0.494385	1.816484
9048	-290.4775	-373.2018	82.72428	1.32568	0.9861165	1.816484
9054	-289.7992	-373.269	83.46982	1.546232	0.9466254	1.105309
9060	-292.6966	-376.1457	83.44904	1.224097	0.5395347	1.769564
9066	-295.6159	-379.5154	83.89957	1.513954	0.588351	1.144301
9072	-294.1716	-377.6261	83.45446	1.105024	0.7727942	1.62322
9078	-305.126	-388.5533	83.42724	1.129846	0.6233537	1.763502
9084	-302.2909	-385.3788	83.08788	1.502533	1.167768	1.288533
9090	-290.8934	-374.0148	83.12133	1.356858	1.176327	1.372362
9096	-293.6024	-376.3413	82.73893	1.365159	1.813029	1.29275
9102	-293.7275	-377.0004	83.27285	1.436291	1.034647	1.29275
9108	-295.5123	-379.5143	84.00207	1.294279	0.7643782	1.034803
9114	-292.3375	-375.5801	83.24264	1.730467	1.458003	0.5778033
9120	-295.4896	-379.3717	83.88205	1.676068	0.822901	0.5778033
9126	-288.7151	-371.992	83.27691	1.808426	1.26222	0.6826673
9132	-291.342	-374.7714	83.42943	2.069473	0.6092348	1.037342
9138	-297.0257	-380.3975	83.37181	1.398097	0.9904022	1.278901
9144	-299.0805	-381.8146	82.73401	0.9117725	1.885753	1.608475
9150	-296.3454	-379.9544	83.60904	1.721827	0.8702366	0.8682564
9156	-299.4332	-383.3368	83.90353	1.671901	0.5826967	1.00027
9162	-302.0951	-385.3841	83.28896	0.8831211	0.7642026	1.901172
9168	-300.9991	-384.3733	83.37414	1.619813	0.8066527	1.25861
9174	-303.4415	-387.4823	84.04078	1.604273	0.5705418	0.9473863
9180	-305.5905	-388.8075	83.21699	1.676332	1.359511	0.8467268
9186	-299.8479	-383.4247	83.57685	1.992867	0.7302735	0.774218
9192	-304.7311	-388.7736	84.04249	1.815613	0.3930418	1.038094
9198	-301.6382	-385.3458	83.70761	1.103649	0.5106263	1.705019
9204	-296.0073	-379.1771	83.16973	1.223721	0.6560318	1.845299
9210	-303.1476	-386.7039	83.55624	1.203317	0.9111929	1.353605
9216	-305.4373	-388.1268	82.68945	1.322088	0.9089465	1.897773
9222	-297.8436	-381.1917	83.34802	1.034442	0.7669965	1.753988
9228	-298.7547	-383.1206	84.36588	1.245082	0.460169	1.151531
9234	-295.0607	-378.7632	83.70256	1.791936	0.7255667	0.8773058
9240	-290.8878	-374.3053	83.41743	2.100673	0.7255667	0.8492512
9246	-295.8601	-379.6657	83.80561	1.744832	0.7070624	0.838638
9252	-292.6888	-376.2046	83.51581	1.814742	0.7070624	1.070749
9258	-297.0511	-379.4662	82.41508	1.647327	1.337114	1.584403
9264	-297.6199	-381.2179	83.59805	1.874355	0.6729652	0.9758282
9270	-295.1276	-378.324	83.19637	2.002515	0.6729652	1.227181
9276	-289.2077	-372.3993	83.19164	1.248324	0.5738578	1.893742
9282	-306.5513	-389.7895	83.23814	1.460138	1.241665	1.142235
9288	-306.4911	-390.7504	84.25927	1.313343	0.4886377	1.142235
9294	-303.3676	-386.5994	83.23173	1.426587	1.289422	1.142235
9300	-308.1579	-390.801	82.64314	1.618353	1.010727	1.650479
9306	-303.5385	-385.8689	82.33036	2.501869	1.344606	0.930232
9312	-300.3083	-384.0309	83.72261	1.825421	0.830293	0.4249275
9318	-297.679	-381.1135	83.43453	1.770246	0.9682419	0.893308
9324	-297.4095	-380.9266	83.51713	1.434364	0.7902165	1.309294
9330	-296.2106	-380.147	83.93637	1.406664	0.5201793	1.293153
9336	-286.8033	-370.3956	83.5923	1.780783	0.5835544	1.185942
9342	-296.819	-380.0895	83.2705	1.461671	1.14595	1.185942
9348	-293.6901	-377.5967	83.90655	1.972655	0.5085642	0.7847425
9354	-294.9371	-378.7456	83.80851	2.000759	0.6326825	0.4754644
9360	-294.2012	-378.4021	84.2009	1.88508	0.4559341	0.4754644
9366	-286.9971	-370.8858	83.88864	1.549358	0.7758493	0.8706526
9372	-295.1416	-378.7148	83.57315	1.511099	1.16988	0.8062321
9378	-296.7138	-380.1066	83.39278	1.464638	0.938256	1.250851
9384	-295.7638	-379.7096	83.94579	1.701594	0.3786833	1.250851
9390	-294.9924	-377.5084	82.51596	1.605786	1.866012	1.250851
9396	-294.4461	-377.5728	83.12673	1.923236	1.202065	0.8140477
9402	-298.3062	-382.0919	83.78573	1.888199	0.67739	0.7203013
9408	-298.953	-383.2383	84.28533	1.904874	0.3769709	0.666033
9414	-297.7653	-381.8316	84.06632	2.001659	0.4413003	0.666033
9420	-298.7708	-382.6861	83.91521	2.104758	0.4905801	0.564754
9426	-293.2447	-376.5703	83.32566	2.434659	0.6400117	0.3716152
9432	-298.8082	-381.9511	83.1429	2.059592	1.077352	0.3074212
9438	-292.1674	-376.1822	84.01489	2.187971	0.3751124	0.3769223
9444	-292.8312	-377.3647	84.53352	2.064735	0.2101542	0.3769223
9450	-287.4019	-371.8898	84.48786	1.420259	0.3244023	1.124175
9456	-296.3621	-380.1198	83.75764	1.152683	0.3026155	1.913764
9462	-300.0284	-384.4699	84.44156	1.360912	0.2058843	1.457146
9468	-302.07	-386.3776	84.3076	1.353796	0.3745169	1.246139
9474	-305.2979	-388.1222	82.82434	1.456175	1.439798	1.358361
9480	-302.3084	-386.2984	83.99005	1.098562	0.8013875	1.183689
9486	-305.7473	-389.4369	83.68961	1.310285	0.6334391	1.430295
9492	-304.8938	-388.545	83.65124	1.574036	0.8040794	1.057325
9498	-301.8518	-385.7493	83.89745	1.290501	0.82502	1.069533
9504	-305.9125	-389.3234	83.41096	1.613142	0.9275409	1.116215
9510	-296.7921	-379.8892	83.09717	2.053717	1.085531	0.8197773
9516	-296.6887	-379.9159	83.22718	1.915724	1.066179	0.8524895
9522	-295.3198	-378.6285	83.30871	1.871775	1.101326	0.7592282
9528	-291.9015	-376.0159	84.11438	1.527786	0.4331037	1.166646
9534	-296.4593	-380.4724	84.01311	1.520137	0.4331037	1.259326
9540	-298.4903	-382.6821	84.19178	1.308035	0.4516798	1.259326
9546	-300.4298	-383.5919	83.16217	1.535518	0.7359296	1.555535
9552	-295.598	-379.7151	84.11704	1.663477	0.5668547	0.7943505
9558	-289.9602	-374.0947	84.13456	1.802752	0.5423399	0.5600334
9564	-290.6766	-374.1228	83.44619	1.711648	1.094062	0.8002489
9570	-287.3617	-370.2083	82.84652	1.923998	1.762492	0.4728242
9576	-289.9132	-372.8267	82.91351	1.520605	2.121795	0.7889634
9582	-299.2328	-380.3924	81.15958	1.816263	2.862937	1.725922
9588	-286.388	-370.0655	83.67743	1.733014	0.8013158	0.8673345
9594	-291.2323	-373.4625	82.23013	1.112509	1.903315	1.815102
9600	-291.099	-373.6874	82.58836	1.275661	1.248296	1.777734
